CRITICAL - 2022-12-02 03:40:30 --> Invalid file: FRONT_END/partials/home_view.php
in SYSTEMPATH\Exceptions\FrameworkException.php on line 33.
 1 SYSTEMPATH\View\View.php(201): CodeIgniter\Exceptions\FrameworkException::forInvalidFile('FRONT_END/partials/home_view.php')
 2 SYSTEMPATH\Common.php(1134): CodeIgniter\View\View->render('FRONT_END/partials/home_view', [], true)
 3 APPPATH\Controllers\FRONT_END\Home.php(19): view('FRONT_END/partials/home_view', [...])
 4 SYSTEMPATH\CodeIgniter.php(927): App\Controllers\FRONT_END\Home->index()
 5 SYSTEMPATH\CodeIgniter.php(482): CodeIgniter\CodeIgniter->runController(Object(App\Controllers\FRONT_END\Home))
 6 SYSTEMPATH\CodeIgniter.php(351): CodeIgniter\CodeIgniter->handleRequest(null, Object(Config\Cache), false)
 7 FCPATH\index.php(68): CodeIgniter\CodeIgniter->run()
CRITICAL - 2022-12-02 03:40:32 --> Invalid file: FRONT_END/partials/home_view.php
in SYSTEMPATH\Exceptions\FrameworkException.php on line 33.
 1 SYSTEMPATH\View\View.php(201): CodeIgniter\Exceptions\FrameworkException::forInvalidFile('FRONT_END/partials/home_view.php')
 2 SYSTEMPATH\Common.php(1134): CodeIgniter\View\View->render('FRONT_END/partials/home_view', [], true)
 3 APPPATH\Controllers\FRONT_END\Home.php(19): view('FRONT_END/partials/home_view', [...])
 4 SYSTEMPATH\CodeIgniter.php(927): App\Controllers\FRONT_END\Home->index()
 5 SYSTEMPATH\CodeIgniter.php(482): CodeIgniter\CodeIgniter->runController(Object(App\Controllers\FRONT_END\Home))
 6 SYSTEMPATH\CodeIgniter.php(351): CodeIgniter\CodeIgniter->handleRequest(null, Object(Config\Cache), false)
 7 FCPATH\index.php(68): CodeIgniter\CodeIgniter->run()
CRITICAL - 2022-12-02 03:40:56 --> Invalid file: FRONT_END/partials/home_view.php
in SYSTEMPATH\Exceptions\FrameworkException.php on line 33.
 1 SYSTEMPATH\View\View.php(201): CodeIgniter\Exceptions\FrameworkException::forInvalidFile('FRONT_END/partials/home_view.php')
 2 SYSTEMPATH\Common.php(1134): CodeIgniter\View\View->render('FRONT_END/partials/home_view', [], true)
 3 APPPATH\Controllers\FRONT_END\Home.php(19): view('FRONT_END/partials/home_view', [...])
 4 SYSTEMPATH\CodeIgniter.php(927): App\Controllers\FRONT_END\Home->index()
 5 SYSTEMPATH\CodeIgniter.php(482): CodeIgniter\CodeIgniter->runController(Object(App\Controllers\FRONT_END\Home))
 6 SYSTEMPATH\CodeIgniter.php(351): CodeIgniter\CodeIgniter->handleRequest(null, Object(Config\Cache), false)
 7 FCPATH\index.php(68): CodeIgniter\CodeIgniter->run()
CRITICAL - 2022-12-02 03:41:24 --> Invalid file: FRONT_END/partials/home_view.php
in SYSTEMPATH\Exceptions\FrameworkException.php on line 33.
 1 SYSTEMPATH\View\View.php(201): CodeIgniter\Exceptions\FrameworkException::forInvalidFile('FRONT_END/partials/home_view.php')
 2 SYSTEMPATH\Common.php(1134): CodeIgniter\View\View->render('FRONT_END/partials/home_view', [], true)
 3 APPPATH\Controllers\FRONT_END\Home.php(19): view('FRONT_END/partials/home_view', [...])
 4 SYSTEMPATH\CodeIgniter.php(927): App\Controllers\FRONT_END\Home->index()
 5 SYSTEMPATH\CodeIgniter.php(482): CodeIgniter\CodeIgniter->runController(Object(App\Controllers\FRONT_END\Home))
 6 SYSTEMPATH\CodeIgniter.php(351): CodeIgniter\CodeIgniter->handleRequest(null, Object(Config\Cache), false)
 7 FCPATH\index.php(68): CodeIgniter\CodeIgniter->run()
CRITICAL - 2022-12-02 03:41:48 --> Invalid file: FRONT_END/partials/home_view.php
in SYSTEMPATH\Exceptions\FrameworkException.php on line 33.
 1 SYSTEMPATH\View\View.php(201): CodeIgniter\Exceptions\FrameworkException::forInvalidFile('FRONT_END/partials/home_view.php')
 2 SYSTEMPATH\Common.php(1134): CodeIgniter\View\View->render('FRONT_END/partials/home_view', [], true)
 3 APPPATH\Controllers\FRONT_END\Home.php(19): view('FRONT_END/partials/home_view', [...])
 4 SYSTEMPATH\CodeIgniter.php(927): App\Controllers\FRONT_END\Home->index()
 5 SYSTEMPATH\CodeIgniter.php(482): CodeIgniter\CodeIgniter->runController(Object(App\Controllers\FRONT_END\Home))
 6 SYSTEMPATH\CodeIgniter.php(351): CodeIgniter\CodeIgniter->handleRequest(null, Object(Config\Cache), false)
 7 FCPATH\index.php(68): CodeIgniter\CodeIgniter->run()
CRITICAL - 2022-12-02 03:41:53 --> Invalid file: FRONT_END/partials/home_view.php
in SYSTEMPATH\Exceptions\FrameworkException.php on line 33.
 1 SYSTEMPATH\View\View.php(201): CodeIgniter\Exceptions\FrameworkException::forInvalidFile('FRONT_END/partials/home_view.php')
 2 SYSTEMPATH\Common.php(1134): CodeIgniter\View\View->render('FRONT_END/partials/home_view', [], true)
 3 APPPATH\Controllers\FRONT_END\Home.php(19): view('FRONT_END/partials/home_view', [...])
 4 SYSTEMPATH\CodeIgniter.php(927): App\Controllers\FRONT_END\Home->index()
 5 SYSTEMPATH\CodeIgniter.php(482): CodeIgniter\CodeIgniter->runController(Object(App\Controllers\FRONT_END\Home))
 6 SYSTEMPATH\CodeIgniter.php(351): CodeIgniter\CodeIgniter->handleRequest(null, Object(Config\Cache), false)
 7 FCPATH\index.php(68): CodeIgniter\CodeIgniter->run()
CRITICAL - 2022-12-02 03:41:55 --> Invalid file: FRONT_END/partials/home_view.php
in SYSTEMPATH\Exceptions\FrameworkException.php on line 33.
 1 SYSTEMPATH\View\View.php(201): CodeIgniter\Exceptions\FrameworkException::forInvalidFile('FRONT_END/partials/home_view.php')
 2 SYSTEMPATH\Common.php(1134): CodeIgniter\View\View->render('FRONT_END/partials/home_view', [], true)
 3 APPPATH\Controllers\FRONT_END\Home.php(19): view('FRONT_END/partials/home_view', [...])
 4 SYSTEMPATH\CodeIgniter.php(927): App\Controllers\FRONT_END\Home->index()
 5 SYSTEMPATH\CodeIgniter.php(482): CodeIgniter\CodeIgniter->runController(Object(App\Controllers\FRONT_END\Home))
 6 SYSTEMPATH\CodeIgniter.php(351): CodeIgniter\CodeIgniter->handleRequest(null, Object(Config\Cache), false)
 7 FCPATH\index.php(68): CodeIgniter\CodeIgniter->run()
CRITICAL - 2022-12-02 03:42:36 --> Invalid file: FRONT_END/partials/home_view.php
in SYSTEMPATH\Exceptions\FrameworkException.php on line 33.
 1 SYSTEMPATH\View\View.php(201): CodeIgniter\Exceptions\FrameworkException::forInvalidFile('FRONT_END/partials/home_view.php')
 2 SYSTEMPATH\Common.php(1134): CodeIgniter\View\View->render('FRONT_END/partials/home_view', [], true)
 3 APPPATH\Controllers\FRONT_END\Home.php(19): view('FRONT_END/partials/home_view', [...])
 4 SYSTEMPATH\CodeIgniter.php(927): App\Controllers\FRONT_END\Home->index()
 5 SYSTEMPATH\CodeIgniter.php(482): CodeIgniter\CodeIgniter->runController(Object(App\Controllers\FRONT_END\Home))
 6 SYSTEMPATH\CodeIgniter.php(351): CodeIgniter\CodeIgniter->handleRequest(null, Object(Config\Cache), false)
 7 FCPATH\index.php(68): CodeIgniter\CodeIgniter->run()
CRITICAL - 2022-12-02 03:46:26 --> Invalid file: FRONT_END/partials/home_view.php
in SYSTEMPATH\Exceptions\FrameworkException.php on line 33.
 1 SYSTEMPATH\View\View.php(201): CodeIgniter\Exceptions\FrameworkException::forInvalidFile('FRONT_END/partials/home_view.php')
 2 SYSTEMPATH\Common.php(1134): CodeIgniter\View\View->render('FRONT_END/partials/home_view', [], true)
 3 APPPATH\Controllers\FRONT_END\Home.php(19): view('FRONT_END/partials/home_view', [...])
 4 SYSTEMPATH\CodeIgniter.php(927): App\Controllers\FRONT_END\Home->index()
 5 SYSTEMPATH\CodeIgniter.php(482): CodeIgniter\CodeIgniter->runController(Object(App\Controllers\FRONT_END\Home))
 6 SYSTEMPATH\CodeIgniter.php(351): CodeIgniter\CodeIgniter->handleRequest(null, Object(Config\Cache), false)
 7 FCPATH\index.php(68): CodeIgniter\CodeIgniter->run()
CRITICAL - 2022-12-02 03:46:57 --> Invalid file: FRONT_END/partials/home_view.php
in SYSTEMPATH\Exceptions\FrameworkException.php on line 33.
 1 SYSTEMPATH\View\View.php(201): CodeIgniter\Exceptions\FrameworkException::forInvalidFile('FRONT_END/partials/home_view.php')
 2 SYSTEMPATH\Common.php(1134): CodeIgniter\View\View->render('FRONT_END/partials/home_view', [], true)
 3 APPPATH\Controllers\FRONT_END\Home.php(18): view('FRONT_END/partials/home_view', [...])
 4 SYSTEMPATH\CodeIgniter.php(927): App\Controllers\FRONT_END\Home->index()
 5 SYSTEMPATH\CodeIgniter.php(482): CodeIgniter\CodeIgniter->runController(Object(App\Controllers\FRONT_END\Home))
 6 SYSTEMPATH\CodeIgniter.php(351): CodeIgniter\CodeIgniter->handleRequest(null, Object(Config\Cache), false)
 7 FCPATH\index.php(68): CodeIgniter\CodeIgniter->run()
CRITICAL - 2022-12-02 03:46:58 --> Invalid file: FRONT_END/partials/home_view.php
in SYSTEMPATH\Exceptions\FrameworkException.php on line 33.
 1 SYSTEMPATH\View\View.php(201): CodeIgniter\Exceptions\FrameworkException::forInvalidFile('FRONT_END/partials/home_view.php')
 2 SYSTEMPATH\Common.php(1134): CodeIgniter\View\View->render('FRONT_END/partials/home_view', [], true)
 3 APPPATH\Controllers\FRONT_END\Home.php(18): view('FRONT_END/partials/home_view', [...])
 4 SYSTEMPATH\CodeIgniter.php(927): App\Controllers\FRONT_END\Home->index()
 5 SYSTEMPATH\CodeIgniter.php(482): CodeIgniter\CodeIgniter->runController(Object(App\Controllers\FRONT_END\Home))
 6 SYSTEMPATH\CodeIgniter.php(351): CodeIgniter\CodeIgniter->handleRequest(null, Object(Config\Cache), false)
 7 FCPATH\index.php(68): CodeIgniter\CodeIgniter->run()
CRITICAL - 2022-12-02 03:49:27 --> Invalid file: FRONT_END/partials/home_view.php
in SYSTEMPATH\Exceptions\FrameworkException.php on line 33.
 1 SYSTEMPATH\View\View.php(201): CodeIgniter\Exceptions\FrameworkException::forInvalidFile('FRONT_END/partials/home_view.php')
 2 SYSTEMPATH\Common.php(1134): CodeIgniter\View\View->render('FRONT_END/partials/home_view', [], true)
 3 APPPATH\Controllers\FRONT_END\Home.php(18): view('FRONT_END/partials/home_view', [...])
 4 SYSTEMPATH\CodeIgniter.php(927): App\Controllers\FRONT_END\Home->index()
 5 SYSTEMPATH\CodeIgniter.php(482): CodeIgniter\CodeIgniter->runController(Object(App\Controllers\FRONT_END\Home))
 6 SYSTEMPATH\CodeIgniter.php(351): CodeIgniter\CodeIgniter->handleRequest(null, Object(Config\Cache), false)
 7 FCPATH\index.php(68): CodeIgniter\CodeIgniter->run()
CRITICAL - 2022-12-02 03:49:47 --> Invalid file: layouts/header.php
in SYSTEMPATH\Exceptions\FrameworkException.php on line 33.
 1 SYSTEMPATH\View\View.php(201): CodeIgniter\Exceptions\FrameworkException::forInvalidFile('layouts/header.php')
 2 SYSTEMPATH\View\View.php(431): CodeIgniter\View\View->render('layouts/header.php', null, true)
 3 APPPATH\Views\FRONT_END\home_view.php(8): CodeIgniter\View\View->include('layouts/header.php')
 4 SYSTEMPATH\View\View.php(213): include('APPPATH\\Views\\FRONT_END\\home_view.php')
 5 SYSTEMPATH\View\View.php(216): CodeIgniter\View\View->CodeIgniter\View\{closure}()
 6 SYSTEMPATH\Common.php(1134): CodeIgniter\View\View->render('FRONT_END/home_view', [], true)
 7 APPPATH\Controllers\FRONT_END\Home.php(18): view('FRONT_END/home_view', [...])
 8 SYSTEMPATH\CodeIgniter.php(927): App\Controllers\FRONT_END\Home->index()
 9 SYSTEMPATH\CodeIgniter.php(482): CodeIgniter\CodeIgniter->runController(Object(App\Controllers\FRONT_END\Home))
10 SYSTEMPATH\CodeIgniter.php(351): CodeIgniter\CodeIgniter->handleRequest(null, Object(Config\Cache), false)
11 FCPATH\index.php(68): CodeIgniter\CodeIgniter->run()
CRITICAL - 2022-12-02 03:49:49 --> Invalid file: layouts/header.php
in SYSTEMPATH\Exceptions\FrameworkException.php on line 33.
 1 SYSTEMPATH\View\View.php(201): CodeIgniter\Exceptions\FrameworkException::forInvalidFile('layouts/header.php')
 2 SYSTEMPATH\View\View.php(431): CodeIgniter\View\View->render('layouts/header.php', null, true)
 3 APPPATH\Views\FRONT_END\home_view.php(8): CodeIgniter\View\View->include('layouts/header.php')
 4 SYSTEMPATH\View\View.php(213): include('APPPATH\\Views\\FRONT_END\\home_view.php')
 5 SYSTEMPATH\View\View.php(216): CodeIgniter\View\View->CodeIgniter\View\{closure}()
 6 SYSTEMPATH\Common.php(1134): CodeIgniter\View\View->render('FRONT_END/home_view', [], true)
 7 APPPATH\Controllers\FRONT_END\Home.php(18): view('FRONT_END/home_view', [...])
 8 SYSTEMPATH\CodeIgniter.php(927): App\Controllers\FRONT_END\Home->index()
 9 SYSTEMPATH\CodeIgniter.php(482): CodeIgniter\CodeIgniter->runController(Object(App\Controllers\FRONT_END\Home))
10 SYSTEMPATH\CodeIgniter.php(351): CodeIgniter\CodeIgniter->handleRequest(null, Object(Config\Cache), false)
11 FCPATH\index.php(68): CodeIgniter\CodeIgniter->run()
CRITICAL - 2022-12-02 03:50:35 --> Invalid file: layouts/header.php
in SYSTEMPATH\Exceptions\FrameworkException.php on line 33.
 1 SYSTEMPATH\View\View.php(201): CodeIgniter\Exceptions\FrameworkException::forInvalidFile('layouts/header.php')
 2 SYSTEMPATH\View\View.php(431): CodeIgniter\View\View->render('layouts/header.php', null, true)
 3 APPPATH\Views\FRONT_END\home_view.php(8): CodeIgniter\View\View->include('layouts/header.php')
 4 SYSTEMPATH\View\View.php(213): include('APPPATH\\Views\\FRONT_END\\home_view.php')
 5 SYSTEMPATH\View\View.php(216): CodeIgniter\View\View->CodeIgniter\View\{closure}()
 6 SYSTEMPATH\Common.php(1134): CodeIgniter\View\View->render('FRONT_END/home_view', [], true)
 7 APPPATH\Controllers\FRONT_END\Home.php(18): view('FRONT_END/home_view', [...])
 8 SYSTEMPATH\CodeIgniter.php(927): App\Controllers\FRONT_END\Home->index()
 9 SYSTEMPATH\CodeIgniter.php(482): CodeIgniter\CodeIgniter->runController(Object(App\Controllers\FRONT_END\Home))
10 SYSTEMPATH\CodeIgniter.php(351): CodeIgniter\CodeIgniter->handleRequest(null, Object(Config\Cache), false)
11 FCPATH\index.php(68): CodeIgniter\CodeIgniter->run()
CRITICAL - 2022-12-02 03:50:37 --> Invalid file: layouts/header.php
in SYSTEMPATH\Exceptions\FrameworkException.php on line 33.
 1 SYSTEMPATH\View\View.php(201): CodeIgniter\Exceptions\FrameworkException::forInvalidFile('layouts/header.php')
 2 SYSTEMPATH\View\View.php(431): CodeIgniter\View\View->render('layouts/header.php', null, true)
 3 APPPATH\Views\FRONT_END\home_view.php(8): CodeIgniter\View\View->include('layouts/header.php')
 4 SYSTEMPATH\View\View.php(213): include('APPPATH\\Views\\FRONT_END\\home_view.php')
 5 SYSTEMPATH\View\View.php(216): CodeIgniter\View\View->CodeIgniter\View\{closure}()
 6 SYSTEMPATH\Common.php(1134): CodeIgniter\View\View->render('FRONT_END/home_view', [], true)
 7 APPPATH\Controllers\FRONT_END\Home.php(18): view('FRONT_END/home_view', [...])
 8 SYSTEMPATH\CodeIgniter.php(927): App\Controllers\FRONT_END\Home->index()
 9 SYSTEMPATH\CodeIgniter.php(482): CodeIgniter\CodeIgniter->runController(Object(App\Controllers\FRONT_END\Home))
10 SYSTEMPATH\CodeIgniter.php(351): CodeIgniter\CodeIgniter->handleRequest(null, Object(Config\Cache), false)
11 FCPATH\index.php(68): CodeIgniter\CodeIgniter->run()
CRITICAL - 2022-12-02 03:50:53 --> Invalid file: layouts/base.php
in SYSTEMPATH\Exceptions\FrameworkException.php on line 33.
 1 SYSTEMPATH\View\View.php(201): CodeIgniter\Exceptions\FrameworkException::forInvalidFile('layouts/base.php')
 2 SYSTEMPATH\View\View.php(229): CodeIgniter\View\View->render('layouts/base', [], true)
 3 SYSTEMPATH\Common.php(1134): CodeIgniter\View\View->render('FRONT_END/home_view', [], true)
 4 APPPATH\Controllers\FRONT_END\Home.php(18): view('FRONT_END/home_view', [...])
 5 SYSTEMPATH\CodeIgniter.php(927): App\Controllers\FRONT_END\Home->index()
 6 SYSTEMPATH\CodeIgniter.php(482): CodeIgniter\CodeIgniter->runController(Object(App\Controllers\FRONT_END\Home))
 7 SYSTEMPATH\CodeIgniter.php(351): CodeIgniter\CodeIgniter->handleRequest(null, Object(Config\Cache), false)
 8 FCPATH\index.php(68): CodeIgniter\CodeIgniter->run()
CRITICAL - 2022-12-02 03:50:54 --> Invalid file: layouts/base.php
in SYSTEMPATH\Exceptions\FrameworkException.php on line 33.
 1 SYSTEMPATH\View\View.php(201): CodeIgniter\Exceptions\FrameworkException::forInvalidFile('layouts/base.php')
 2 SYSTEMPATH\View\View.php(229): CodeIgniter\View\View->render('layouts/base', [], true)
 3 SYSTEMPATH\Common.php(1134): CodeIgniter\View\View->render('FRONT_END/home_view', [], true)
 4 APPPATH\Controllers\FRONT_END\Home.php(18): view('FRONT_END/home_view', [...])
 5 SYSTEMPATH\CodeIgniter.php(927): App\Controllers\FRONT_END\Home->index()
 6 SYSTEMPATH\CodeIgniter.php(482): CodeIgniter\CodeIgniter->runController(Object(App\Controllers\FRONT_END\Home))
 7 SYSTEMPATH\CodeIgniter.php(351): CodeIgniter\CodeIgniter->handleRequest(null, Object(Config\Cache), false)
 8 FCPATH\index.php(68): CodeIgniter\CodeIgniter->run()
CRITICAL - 2022-12-02 03:53:37 --> Invalid file: layouts/base.php
in SYSTEMPATH\Exceptions\FrameworkException.php on line 33.
 1 SYSTEMPATH\View\View.php(201): CodeIgniter\Exceptions\FrameworkException::forInvalidFile('layouts/base.php')
 2 SYSTEMPATH\View\View.php(229): CodeIgniter\View\View->render('layouts/base', [], true)
 3 SYSTEMPATH\Common.php(1134): CodeIgniter\View\View->render('FRONT_END/home_view', [], true)
 4 APPPATH\Controllers\FRONT_END\Home.php(18): view('FRONT_END/home_view', [...])
 5 SYSTEMPATH\CodeIgniter.php(927): App\Controllers\FRONT_END\Home->index()
 6 SYSTEMPATH\CodeIgniter.php(482): CodeIgniter\CodeIgniter->runController(Object(App\Controllers\FRONT_END\Home))
 7 SYSTEMPATH\CodeIgniter.php(351): CodeIgniter\CodeIgniter->handleRequest(null, Object(Config\Cache), false)
 8 FCPATH\index.php(68): CodeIgniter\CodeIgniter->run()
CRITICAL - 2022-12-02 03:54:56 --> Invalid file: layouts/header.php
in SYSTEMPATH\Exceptions\FrameworkException.php on line 33.
 1 SYSTEMPATH\View\View.php(201): CodeIgniter\Exceptions\FrameworkException::forInvalidFile('layouts/header.php')
 2 SYSTEMPATH\View\View.php(431): CodeIgniter\View\View->render('layouts/header.php', null, true)
 3 APPPATH\Views\FRONT_END\home_view.php(7): CodeIgniter\View\View->include('layouts/header.php')
 4 SYSTEMPATH\View\View.php(213): include('APPPATH\\Views\\FRONT_END\\home_view.php')
 5 SYSTEMPATH\View\View.php(216): CodeIgniter\View\View->CodeIgniter\View\{closure}()
 6 SYSTEMPATH\Common.php(1134): CodeIgniter\View\View->render('FRONT_END/home_view', [], true)
 7 APPPATH\Controllers\FRONT_END\Home.php(18): view('FRONT_END/home_view', [...])
 8 SYSTEMPATH\CodeIgniter.php(927): App\Controllers\FRONT_END\Home->index()
 9 SYSTEMPATH\CodeIgniter.php(482): CodeIgniter\CodeIgniter->runController(Object(App\Controllers\FRONT_END\Home))
10 SYSTEMPATH\CodeIgniter.php(351): CodeIgniter\CodeIgniter->handleRequest(null, Object(Config\Cache), false)
11 FCPATH\index.php(68): CodeIgniter\CodeIgniter->run()
CRITICAL - 2022-12-02 03:55:25 --> Invalid file: layouts/header.php
in SYSTEMPATH\Exceptions\FrameworkException.php on line 33.
 1 SYSTEMPATH\View\View.php(201): CodeIgniter\Exceptions\FrameworkException::forInvalidFile('layouts/header.php')
 2 SYSTEMPATH\View\View.php(431): CodeIgniter\View\View->render('layouts/header.php', null, true)
 3 APPPATH\Views\FRONT_END\home_view.php(5): CodeIgniter\View\View->include('layouts/header.php')
 4 SYSTEMPATH\View\View.php(213): include('APPPATH\\Views\\FRONT_END\\home_view.php')
 5 SYSTEMPATH\View\View.php(216): CodeIgniter\View\View->CodeIgniter\View\{closure}()
 6 SYSTEMPATH\Common.php(1134): CodeIgniter\View\View->render('FRONT_END/home_view', [], true)
 7 APPPATH\Controllers\FRONT_END\Home.php(18): view('FRONT_END/home_view', [...])
 8 SYSTEMPATH\CodeIgniter.php(927): App\Controllers\FRONT_END\Home->index()
 9 SYSTEMPATH\CodeIgniter.php(482): CodeIgniter\CodeIgniter->runController(Object(App\Controllers\FRONT_END\Home))
10 SYSTEMPATH\CodeIgniter.php(351): CodeIgniter\CodeIgniter->handleRequest(null, Object(Config\Cache), false)
11 FCPATH\index.php(68): CodeIgniter\CodeIgniter->run()
CRITICAL - 2022-12-02 03:56:44 --> Invalid file: layouts/header.php
in SYSTEMPATH\Exceptions\FrameworkException.php on line 33.
 1 SYSTEMPATH\View\View.php(201): CodeIgniter\Exceptions\FrameworkException::forInvalidFile('layouts/header.php')
 2 SYSTEMPATH\View\View.php(431): CodeIgniter\View\View->render('layouts/header.php', null, true)
 3 APPPATH\Views\FRONT_END\home_view.php(7): CodeIgniter\View\View->include('layouts/header.php')
 4 SYSTEMPATH\View\View.php(213): include('APPPATH\\Views\\FRONT_END\\home_view.php')
 5 SYSTEMPATH\View\View.php(216): CodeIgniter\View\View->CodeIgniter\View\{closure}()
 6 SYSTEMPATH\Common.php(1134): CodeIgniter\View\View->render('FRONT_END/home_view', [], true)
 7 APPPATH\Controllers\FRONT_END\Home.php(18): view('FRONT_END/home_view', [...])
 8 SYSTEMPATH\CodeIgniter.php(927): App\Controllers\FRONT_END\Home->index()
 9 SYSTEMPATH\CodeIgniter.php(482): CodeIgniter\CodeIgniter->runController(Object(App\Controllers\FRONT_END\Home))
10 SYSTEMPATH\CodeIgniter.php(351): CodeIgniter\CodeIgniter->handleRequest(null, Object(Config\Cache), false)
11 FCPATH\index.php(68): CodeIgniter\CodeIgniter->run()
CRITICAL - 2022-12-02 03:59:14 --> Invalid file: layouts/header.php
in SYSTEMPATH\Exceptions\FrameworkException.php on line 33.
 1 SYSTEMPATH\View\View.php(201): CodeIgniter\Exceptions\FrameworkException::forInvalidFile('layouts/header.php')
 2 SYSTEMPATH\View\View.php(431): CodeIgniter\View\View->render('layouts/header.php', null, true)
 3 APPPATH\Views\FRONT_END\home_view.php(7): CodeIgniter\View\View->include('layouts/header.php')
 4 SYSTEMPATH\View\View.php(213): include('APPPATH\\Views\\FRONT_END\\home_view.php')
 5 SYSTEMPATH\View\View.php(216): CodeIgniter\View\View->CodeIgniter\View\{closure}()
 6 SYSTEMPATH\Common.php(1134): CodeIgniter\View\View->render('FRONT_END/home_view', [], true)
 7 APPPATH\Controllers\FRONT_END\Home.php(18): view('FRONT_END/home_view', [...])
 8 SYSTEMPATH\CodeIgniter.php(927): App\Controllers\FRONT_END\Home->index()
 9 SYSTEMPATH\CodeIgniter.php(482): CodeIgniter\CodeIgniter->runController(Object(App\Controllers\FRONT_END\Home))
10 SYSTEMPATH\CodeIgniter.php(351): CodeIgniter\CodeIgniter->handleRequest(null, Object(Config\Cache), false)
11 FCPATH\index.php(68): CodeIgniter\CodeIgniter->run()
CRITICAL - 2022-12-02 03:59:43 --> Invalid file: layouts/header.php
in SYSTEMPATH\Exceptions\FrameworkException.php on line 33.
 1 SYSTEMPATH\View\View.php(201): CodeIgniter\Exceptions\FrameworkException::forInvalidFile('layouts/header.php')
 2 SYSTEMPATH\View\View.php(431): CodeIgniter\View\View->render('layouts/header.php', null, true)
 3 APPPATH\Views\FRONT_END\home_view.php(7): CodeIgniter\View\View->include('layouts/header.php')
 4 SYSTEMPATH\View\View.php(213): include('APPPATH\\Views\\FRONT_END\\home_view.php')
 5 SYSTEMPATH\View\View.php(216): CodeIgniter\View\View->CodeIgniter\View\{closure}()
 6 SYSTEMPATH\Common.php(1134): CodeIgniter\View\View->render('FRONT_END/home_view', [], true)
 7 APPPATH\Controllers\FRONT_END\Home.php(18): view('FRONT_END/home_view', [...])
 8 SYSTEMPATH\CodeIgniter.php(927): App\Controllers\FRONT_END\Home->index()
 9 SYSTEMPATH\CodeIgniter.php(482): CodeIgniter\CodeIgniter->runController(Object(App\Controllers\FRONT_END\Home))
10 SYSTEMPATH\CodeIgniter.php(351): CodeIgniter\CodeIgniter->handleRequest(null, Object(Config\Cache), false)
11 FCPATH\index.php(68): CodeIgniter\CodeIgniter->run()
CRITICAL - 2022-12-02 04:04:13 --> Invalid file: layouts/header.php
in SYSTEMPATH\Exceptions\FrameworkException.php on line 33.
 1 SYSTEMPATH\View\View.php(201): CodeIgniter\Exceptions\FrameworkException::forInvalidFile('layouts/header.php')
 2 SYSTEMPATH\View\View.php(431): CodeIgniter\View\View->render('layouts/header.php', null, true)
 3 APPPATH\Views\FRONT_END\home_view.php(7): CodeIgniter\View\View->include('layouts/header.php')
 4 SYSTEMPATH\View\View.php(213): include('APPPATH\\Views\\FRONT_END\\home_view.php')
 5 SYSTEMPATH\View\View.php(216): CodeIgniter\View\View->CodeIgniter\View\{closure}()
 6 SYSTEMPATH\Common.php(1134): CodeIgniter\View\View->render('FRONT_END/home_view', [], true)
 7 APPPATH\Controllers\FRONT_END\Home.php(18): view('FRONT_END/home_view', [...])
 8 SYSTEMPATH\CodeIgniter.php(927): App\Controllers\FRONT_END\Home->index()
 9 SYSTEMPATH\CodeIgniter.php(482): CodeIgniter\CodeIgniter->runController(Object(App\Controllers\FRONT_END\Home))
10 SYSTEMPATH\CodeIgniter.php(351): CodeIgniter\CodeIgniter->handleRequest(null, Object(Config\Cache), false)
11 FCPATH\index.php(68): CodeIgniter\CodeIgniter->run()
CRITICAL - 2022-12-02 04:04:16 --> Invalid file: layouts/header.php
in SYSTEMPATH\Exceptions\FrameworkException.php on line 33.
 1 SYSTEMPATH\View\View.php(201): CodeIgniter\Exceptions\FrameworkException::forInvalidFile('layouts/header.php')
 2 SYSTEMPATH\View\View.php(431): CodeIgniter\View\View->render('layouts/header.php', null, true)
 3 APPPATH\Views\FRONT_END\home_view.php(7): CodeIgniter\View\View->include('layouts/header.php')
 4 SYSTEMPATH\View\View.php(213): include('APPPATH\\Views\\FRONT_END\\home_view.php')
 5 SYSTEMPATH\View\View.php(216): CodeIgniter\View\View->CodeIgniter\View\{closure}()
 6 SYSTEMPATH\Common.php(1134): CodeIgniter\View\View->render('FRONT_END/home_view', [], true)
 7 APPPATH\Controllers\FRONT_END\Home.php(18): view('FRONT_END/home_view', [...])
 8 SYSTEMPATH\CodeIgniter.php(927): App\Controllers\FRONT_END\Home->index()
 9 SYSTEMPATH\CodeIgniter.php(482): CodeIgniter\CodeIgniter->runController(Object(App\Controllers\FRONT_END\Home))
10 SYSTEMPATH\CodeIgniter.php(351): CodeIgniter\CodeIgniter->handleRequest(null, Object(Config\Cache), false)
11 FCPATH\index.php(68): CodeIgniter\CodeIgniter->run()
CRITICAL - 2022-12-02 04:04:31 --> Invalid file: layouts/header.php
in SYSTEMPATH\Exceptions\FrameworkException.php on line 33.
 1 SYSTEMPATH\View\View.php(201): CodeIgniter\Exceptions\FrameworkException::forInvalidFile('layouts/header.php')
 2 SYSTEMPATH\View\View.php(431): CodeIgniter\View\View->render('layouts/header.php', null, true)
 3 APPPATH\Views\FRONT_END\home_view.php(7): CodeIgniter\View\View->include('layouts/header.php')
 4 SYSTEMPATH\View\View.php(213): include('APPPATH\\Views\\FRONT_END\\home_view.php')
 5 SYSTEMPATH\View\View.php(216): CodeIgniter\View\View->CodeIgniter\View\{closure}()
 6 SYSTEMPATH\Common.php(1134): CodeIgniter\View\View->render('FRONT_END/home_view', [], true)
 7 APPPATH\Controllers\FRONT_END\Home.php(18): view('FRONT_END/home_view', [...])
 8 SYSTEMPATH\CodeIgniter.php(927): App\Controllers\FRONT_END\Home->index()
 9 SYSTEMPATH\CodeIgniter.php(482): CodeIgniter\CodeIgniter->runController(Object(App\Controllers\FRONT_END\Home))
10 SYSTEMPATH\CodeIgniter.php(351): CodeIgniter\CodeIgniter->handleRequest(null, Object(Config\Cache), false)
11 FCPATH\index.php(68): CodeIgniter\CodeIgniter->run()
CRITICAL - 2022-12-02 04:04:32 --> Invalid file: layouts/header.php
in SYSTEMPATH\Exceptions\FrameworkException.php on line 33.
 1 SYSTEMPATH\View\View.php(201): CodeIgniter\Exceptions\FrameworkException::forInvalidFile('layouts/header.php')
 2 SYSTEMPATH\View\View.php(431): CodeIgniter\View\View->render('layouts/header.php', null, true)
 3 APPPATH\Views\FRONT_END\home_view.php(7): CodeIgniter\View\View->include('layouts/header.php')
 4 SYSTEMPATH\View\View.php(213): include('APPPATH\\Views\\FRONT_END\\home_view.php')
 5 SYSTEMPATH\View\View.php(216): CodeIgniter\View\View->CodeIgniter\View\{closure}()
 6 SYSTEMPATH\Common.php(1134): CodeIgniter\View\View->render('FRONT_END/home_view', [], true)
 7 APPPATH\Controllers\FRONT_END\Home.php(18): view('FRONT_END/home_view', [...])
 8 SYSTEMPATH\CodeIgniter.php(927): App\Controllers\FRONT_END\Home->index()
 9 SYSTEMPATH\CodeIgniter.php(482): CodeIgniter\CodeIgniter->runController(Object(App\Controllers\FRONT_END\Home))
10 SYSTEMPATH\CodeIgniter.php(351): CodeIgniter\CodeIgniter->handleRequest(null, Object(Config\Cache), false)
11 FCPATH\index.php(68): CodeIgniter\CodeIgniter->run()
CRITICAL - 2022-12-02 04:05:30 --> Invalid file: layouts/header.php
in SYSTEMPATH\Exceptions\FrameworkException.php on line 33.
 1 SYSTEMPATH\View\View.php(201): CodeIgniter\Exceptions\FrameworkException::forInvalidFile('layouts/header.php')
 2 SYSTEMPATH\View\View.php(431): CodeIgniter\View\View->render('layouts/header.php', null, true)
 3 APPPATH\Views\FRONT_END\home_view.php(7): CodeIgniter\View\View->include('layouts/header.php')
 4 SYSTEMPATH\View\View.php(213): include('APPPATH\\Views\\FRONT_END\\home_view.php')
 5 SYSTEMPATH\View\View.php(216): CodeIgniter\View\View->CodeIgniter\View\{closure}()
 6 SYSTEMPATH\Common.php(1134): CodeIgniter\View\View->render('FRONT_END/home_view', [], true)
 7 APPPATH\Controllers\FRONT_END\Home.php(18): view('FRONT_END/home_view', [...])
 8 SYSTEMPATH\CodeIgniter.php(927): App\Controllers\FRONT_END\Home->index()
 9 SYSTEMPATH\CodeIgniter.php(482): CodeIgniter\CodeIgniter->runController(Object(App\Controllers\FRONT_END\Home))
10 SYSTEMPATH\CodeIgniter.php(351): CodeIgniter\CodeIgniter->handleRequest(null, Object(Config\Cache), false)
11 FCPATH\index.php(68): CodeIgniter\CodeIgniter->run()
CRITICAL - 2022-12-02 04:05:56 --> Invalid file: layouts/header.php
in SYSTEMPATH\Exceptions\FrameworkException.php on line 33.
 1 SYSTEMPATH\View\View.php(201): CodeIgniter\Exceptions\FrameworkException::forInvalidFile('layouts/header.php')
 2 SYSTEMPATH\View\View.php(431): CodeIgniter\View\View->render('layouts/header.php', null, true)
 3 APPPATH\Views\FRONT_END\home_view.php(8): CodeIgniter\View\View->include('layouts/header.php')
 4 SYSTEMPATH\View\View.php(213): include('APPPATH\\Views\\FRONT_END\\home_view.php')
 5 SYSTEMPATH\View\View.php(216): CodeIgniter\View\View->CodeIgniter\View\{closure}()
 6 SYSTEMPATH\Common.php(1134): CodeIgniter\View\View->render('FRONT_END/home_view', [], true)
 7 APPPATH\Controllers\FRONT_END\Home.php(18): view('FRONT_END/home_view', [...])
 8 SYSTEMPATH\CodeIgniter.php(927): App\Controllers\FRONT_END\Home->index()
 9 SYSTEMPATH\CodeIgniter.php(482): CodeIgniter\CodeIgniter->runController(Object(App\Controllers\FRONT_END\Home))
10 SYSTEMPATH\CodeIgniter.php(351): CodeIgniter\CodeIgniter->handleRequest(null, Object(Config\Cache), false)
11 FCPATH\index.php(68): CodeIgniter\CodeIgniter->run()
CRITICAL - 2022-12-02 04:06:06 --> Invalid file: layouts/header.php
in SYSTEMPATH\Exceptions\FrameworkException.php on line 33.
 1 SYSTEMPATH\View\View.php(201): CodeIgniter\Exceptions\FrameworkException::forInvalidFile('layouts/header.php')
 2 SYSTEMPATH\View\View.php(431): CodeIgniter\View\View->render('layouts/header.php', null, true)
 3 APPPATH\Views\FRONT_END\home_view.php(8): CodeIgniter\View\View->include('layouts/header.php')
 4 SYSTEMPATH\View\View.php(213): include('APPPATH\\Views\\FRONT_END\\home_view.php')
 5 SYSTEMPATH\View\View.php(216): CodeIgniter\View\View->CodeIgniter\View\{closure}()
 6 SYSTEMPATH\Common.php(1134): CodeIgniter\View\View->render('FRONT_END/home_view', [], true)
 7 APPPATH\Controllers\FRONT_END\Home.php(18): view('FRONT_END/home_view', [...])
 8 SYSTEMPATH\CodeIgniter.php(927): App\Controllers\FRONT_END\Home->index()
 9 SYSTEMPATH\CodeIgniter.php(482): CodeIgniter\CodeIgniter->runController(Object(App\Controllers\FRONT_END\Home))
10 SYSTEMPATH\CodeIgniter.php(351): CodeIgniter\CodeIgniter->handleRequest(null, Object(Config\Cache), false)
11 FCPATH\index.php(68): CodeIgniter\CodeIgniter->run()
CRITICAL - 2022-12-02 04:07:08 --> Invalid file: layouts/header.php
in SYSTEMPATH\Exceptions\FrameworkException.php on line 33.
 1 SYSTEMPATH\View\View.php(201): CodeIgniter\Exceptions\FrameworkException::forInvalidFile('layouts/header.php')
 2 SYSTEMPATH\View\View.php(431): CodeIgniter\View\View->render('layouts/header.php', null, true)
 3 APPPATH\Views\FRONT_END\home_view.php(8): CodeIgniter\View\View->include('layouts/header.php')
 4 SYSTEMPATH\View\View.php(213): include('APPPATH\\Views\\FRONT_END\\home_view.php')
 5 SYSTEMPATH\View\View.php(216): CodeIgniter\View\View->CodeIgniter\View\{closure}()
 6 SYSTEMPATH\Common.php(1134): CodeIgniter\View\View->render('FRONT_END/home_view', [], true)
 7 APPPATH\Controllers\FRONT_END\Home.php(18): view('FRONT_END/home_view', [...])
 8 SYSTEMPATH\CodeIgniter.php(927): App\Controllers\FRONT_END\Home->index()
 9 SYSTEMPATH\CodeIgniter.php(482): CodeIgniter\CodeIgniter->runController(Object(App\Controllers\FRONT_END\Home))
10 SYSTEMPATH\CodeIgniter.php(351): CodeIgniter\CodeIgniter->handleRequest(null, Object(Config\Cache), false)
11 FCPATH\index.php(68): CodeIgniter\CodeIgniter->run()
CRITICAL - 2022-12-02 04:07:09 --> Invalid file: layouts/header.php
in SYSTEMPATH\Exceptions\FrameworkException.php on line 33.
 1 SYSTEMPATH\View\View.php(201): CodeIgniter\Exceptions\FrameworkException::forInvalidFile('layouts/header.php')
 2 SYSTEMPATH\View\View.php(431): CodeIgniter\View\View->render('layouts/header.php', null, true)
 3 APPPATH\Views\FRONT_END\home_view.php(8): CodeIgniter\View\View->include('layouts/header.php')
 4 SYSTEMPATH\View\View.php(213): include('APPPATH\\Views\\FRONT_END\\home_view.php')
 5 SYSTEMPATH\View\View.php(216): CodeIgniter\View\View->CodeIgniter\View\{closure}()
 6 SYSTEMPATH\Common.php(1134): CodeIgniter\View\View->render('FRONT_END/home_view', [], true)
 7 APPPATH\Controllers\FRONT_END\Home.php(18): view('FRONT_END/home_view', [...])
 8 SYSTEMPATH\CodeIgniter.php(927): App\Controllers\FRONT_END\Home->index()
 9 SYSTEMPATH\CodeIgniter.php(482): CodeIgniter\CodeIgniter->runController(Object(App\Controllers\FRONT_END\Home))
10 SYSTEMPATH\CodeIgniter.php(351): CodeIgniter\CodeIgniter->handleRequest(null, Object(Config\Cache), false)
11 FCPATH\index.php(68): CodeIgniter\CodeIgniter->run()
CRITICAL - 2022-12-02 04:08:00 --> Invalid file: layouts/header.php
in SYSTEMPATH\Exceptions\FrameworkException.php on line 33.
 1 SYSTEMPATH\View\View.php(201): CodeIgniter\Exceptions\FrameworkException::forInvalidFile('layouts/header.php')
 2 SYSTEMPATH\View\View.php(431): CodeIgniter\View\View->render('layouts/header.php', null, true)
 3 APPPATH\Views\FRONT_END\home_view.php(8): CodeIgniter\View\View->include('layouts/header.php')
 4 SYSTEMPATH\View\View.php(213): include('APPPATH\\Views\\FRONT_END\\home_view.php')
 5 SYSTEMPATH\View\View.php(216): CodeIgniter\View\View->CodeIgniter\View\{closure}()
 6 SYSTEMPATH\Common.php(1134): CodeIgniter\View\View->render('FRONT_END/home_view', [], true)
 7 APPPATH\Controllers\FRONT_END\Home.php(18): view('FRONT_END/home_view', [...])
 8 SYSTEMPATH\CodeIgniter.php(927): App\Controllers\FRONT_END\Home->index()
 9 SYSTEMPATH\CodeIgniter.php(482): CodeIgniter\CodeIgniter->runController(Object(App\Controllers\FRONT_END\Home))
10 SYSTEMPATH\CodeIgniter.php(351): CodeIgniter\CodeIgniter->handleRequest(null, Object(Config\Cache), false)
11 FCPATH\index.php(68): CodeIgniter\CodeIgniter->run()
CRITICAL - 2022-12-02 04:14:30 --> Invalid file: layouts/base.php
in SYSTEMPATH\Exceptions\FrameworkException.php on line 33.
 1 SYSTEMPATH\View\View.php(201): CodeIgniter\Exceptions\FrameworkException::forInvalidFile('layouts/base.php')
 2 SYSTEMPATH\View\View.php(229): CodeIgniter\View\View->render('layouts/base', [], true)
 3 SYSTEMPATH\Common.php(1134): CodeIgniter\View\View->render('welcome_message', [], true)
 4 APPPATH\Controllers\Home.php(9): view('welcome_message')
 5 SYSTEMPATH\CodeIgniter.php(927): App\Controllers\Home->index()
 6 SYSTEMPATH\CodeIgniter.php(482): CodeIgniter\CodeIgniter->runController(Object(App\Controllers\Home))
 7 SYSTEMPATH\CodeIgniter.php(351): CodeIgniter\CodeIgniter->handleRequest(null, Object(Config\Cache), false)
 8 FCPATH\index.php(68): CodeIgniter\CodeIgniter->run()
CRITICAL - 2022-12-02 04:20:20 --> Too few arguments to function CodeIgniter\View\View::section(), 0 passed in D:\VSCODE-PROJECTS\www\Cryptical-coder-youtube-vietCV\app\Views\FRONT_END\home_view.php on line 9 and exactly 1 expected
in SYSTEMPATH\View\View.php on line 375.
 1 APPPATH\Views\FRONT_END\home_view.php(9): CodeIgniter\View\View->section()
 2 SYSTEMPATH\View\View.php(213): include('APPPATH\\Views\\FRONT_END\\home_view.php')
 3 SYSTEMPATH\View\View.php(216): CodeIgniter\View\View->CodeIgniter\View\{closure}()
 4 APPPATH\Controllers\FRONT_END\Home.php(20): CodeIgniter\View\View->render('home_view')
 5 SYSTEMPATH\CodeIgniter.php(927): App\Controllers\FRONT_END\Home->index()
 6 SYSTEMPATH\CodeIgniter.php(482): CodeIgniter\CodeIgniter->runController(Object(App\Controllers\FRONT_END\Home))
 7 SYSTEMPATH\CodeIgniter.php(351): CodeIgniter\CodeIgniter->handleRequest(null, Object(Config\Cache), false)
 8 FCPATH\index.php(68): CodeIgniter\CodeIgniter->run()
CRITICAL - 2022-12-02 04:22:48 --> Invalid file: home_view.php
in SYSTEMPATH\Exceptions\FrameworkException.php on line 33.
 1 SYSTEMPATH\View\View.php(201): CodeIgniter\Exceptions\FrameworkException::forInvalidFile('home_view.php')
 2 APPPATH\Controllers\FRONT_END\Home.php(20): CodeIgniter\View\View->render('home_view')
 3 SYSTEMPATH\CodeIgniter.php(927): App\Controllers\FRONT_END\Home->index()
 4 SYSTEMPATH\CodeIgniter.php(482): CodeIgniter\CodeIgniter->runController(Object(App\Controllers\FRONT_END\Home))
 5 SYSTEMPATH\CodeIgniter.php(351): CodeIgniter\CodeIgniter->handleRequest(null, Object(Config\Cache), false)
 6 FCPATH\index.php(68): CodeIgniter\CodeIgniter->run()
CRITICAL - 2022-12-02 04:22:49 --> Invalid file: home_view.php
in SYSTEMPATH\Exceptions\FrameworkException.php on line 33.
 1 SYSTEMPATH\View\View.php(201): CodeIgniter\Exceptions\FrameworkException::forInvalidFile('home_view.php')
 2 APPPATH\Controllers\FRONT_END\Home.php(20): CodeIgniter\View\View->render('home_view')
 3 SYSTEMPATH\CodeIgniter.php(927): App\Controllers\FRONT_END\Home->index()
 4 SYSTEMPATH\CodeIgniter.php(482): CodeIgniter\CodeIgniter->runController(Object(App\Controllers\FRONT_END\Home))
 5 SYSTEMPATH\CodeIgniter.php(351): CodeIgniter\CodeIgniter->handleRequest(null, Object(Config\Cache), false)
 6 FCPATH\index.php(68): CodeIgniter\CodeIgniter->run()
CRITICAL - 2022-12-02 04:22:50 --> Invalid file: home_view.php
in SYSTEMPATH\Exceptions\FrameworkException.php on line 33.
 1 SYSTEMPATH\View\View.php(201): CodeIgniter\Exceptions\FrameworkException::forInvalidFile('home_view.php')
 2 APPPATH\Controllers\FRONT_END\Home.php(20): CodeIgniter\View\View->render('home_view')
 3 SYSTEMPATH\CodeIgniter.php(927): App\Controllers\FRONT_END\Home->index()
 4 SYSTEMPATH\CodeIgniter.php(482): CodeIgniter\CodeIgniter->runController(Object(App\Controllers\FRONT_END\Home))
 5 SYSTEMPATH\CodeIgniter.php(351): CodeIgniter\CodeIgniter->handleRequest(null, Object(Config\Cache), false)
 6 FCPATH\index.php(68): CodeIgniter\CodeIgniter->run()
CRITICAL - 2022-12-02 04:23:36 --> Too few arguments to function CodeIgniter\View\View::section(), 0 passed in D:\VSCODE-PROJECTS\www\Cryptical-coder-youtube-vietCV\app\Views\FRONT_END\home_view.php on line 9 and exactly 1 expected
in SYSTEMPATH\View\View.php on line 375.
 1 APPPATH\Views\FRONT_END\home_view.php(9): CodeIgniter\View\View->section()
 2 SYSTEMPATH\View\View.php(213): include('APPPATH\\Views\\FRONT_END\\home_view.php')
 3 SYSTEMPATH\View\View.php(216): CodeIgniter\View\View->CodeIgniter\View\{closure}()
 4 APPPATH\Controllers\FRONT_END\Home.php(20): CodeIgniter\View\View->render('home_view')
 5 SYSTEMPATH\CodeIgniter.php(927): App\Controllers\FRONT_END\Home->index()
 6 SYSTEMPATH\CodeIgniter.php(482): CodeIgniter\CodeIgniter->runController(Object(App\Controllers\FRONT_END\Home))
 7 SYSTEMPATH\CodeIgniter.php(351): CodeIgniter\CodeIgniter->handleRequest(null, Object(Config\Cache), false)
 8 FCPATH\index.php(68): CodeIgniter\CodeIgniter->run()
CRITICAL - 2022-12-02 04:25:32 --> Too few arguments to function CodeIgniter\View\View::section(), 0 passed in D:\VSCODE-PROJECTS\www\Cryptical-coder-youtube-vietCV\app\Views\FRONT_END\home_view.php on line 9 and exactly 1 expected
in SYSTEMPATH\View\View.php on line 375.
 1 APPPATH\Views\FRONT_END\home_view.php(9): CodeIgniter\View\View->section()
 2 SYSTEMPATH\View\View.php(213): include('APPPATH\\Views\\FRONT_END\\home_view.php')
 3 SYSTEMPATH\View\View.php(216): CodeIgniter\View\View->CodeIgniter\View\{closure}()
 4 APPPATH\Controllers\FRONT_END\Home.php(20): CodeIgniter\View\View->render('home_view')
 5 SYSTEMPATH\CodeIgniter.php(927): App\Controllers\FRONT_END\Home->index()
 6 SYSTEMPATH\CodeIgniter.php(482): CodeIgniter\CodeIgniter->runController(Object(App\Controllers\FRONT_END\Home))
 7 SYSTEMPATH\CodeIgniter.php(351): CodeIgniter\CodeIgniter->handleRequest(null, Object(Config\Cache), false)
 8 FCPATH\index.php(68): CodeIgniter\CodeIgniter->run()
CRITICAL - 2022-12-02 05:38:10 --> Invalid file: layouts/home_section.php
in SYSTEMPATH\Exceptions\FrameworkException.php on line 33.
 1 SYSTEMPATH\View\View.php(201): CodeIgniter\Exceptions\FrameworkException::forInvalidFile('layouts/home_section.php')
 2 SYSTEMPATH\View\View.php(431): CodeIgniter\View\View->render('layouts/home_section', null, true)
 3 APPPATH\Views\FRONT_END\home_view.php(34): CodeIgniter\View\View->include('layouts/home_section')
 4 SYSTEMPATH\View\View.php(213): include('APPPATH\\Views\\FRONT_END\\home_view.php')
 5 SYSTEMPATH\View\View.php(216): CodeIgniter\View\View->CodeIgniter\View\{closure}()
 6 APPPATH\Controllers\FRONT_END\Home.php(22): CodeIgniter\View\View->render('home_view')
 7 SYSTEMPATH\CodeIgniter.php(927): App\Controllers\FRONT_END\Home->index()
 8 SYSTEMPATH\CodeIgniter.php(482): CodeIgniter\CodeIgniter->runController(Object(App\Controllers\FRONT_END\Home))
 9 SYSTEMPATH\CodeIgniter.php(351): CodeIgniter\CodeIgniter->handleRequest(null, Object(Config\Cache), false)
10 FCPATH\index.php(68): CodeIgniter\CodeIgniter->run()
CRITICAL - 2022-12-02 05:38:13 --> Invalid file: layouts/home_section.php
in SYSTEMPATH\Exceptions\FrameworkException.php on line 33.
 1 SYSTEMPATH\View\View.php(201): CodeIgniter\Exceptions\FrameworkException::forInvalidFile('layouts/home_section.php')
 2 SYSTEMPATH\View\View.php(431): CodeIgniter\View\View->render('layouts/home_section', null, true)
 3 APPPATH\Views\FRONT_END\home_view.php(34): CodeIgniter\View\View->include('layouts/home_section')
 4 SYSTEMPATH\View\View.php(213): include('APPPATH\\Views\\FRONT_END\\home_view.php')
 5 SYSTEMPATH\View\View.php(216): CodeIgniter\View\View->CodeIgniter\View\{closure}()
 6 APPPATH\Controllers\FRONT_END\Home.php(22): CodeIgniter\View\View->render('home_view')
 7 SYSTEMPATH\CodeIgniter.php(927): App\Controllers\FRONT_END\Home->index()
 8 SYSTEMPATH\CodeIgniter.php(482): CodeIgniter\CodeIgniter->runController(Object(App\Controllers\FRONT_END\Home))
 9 SYSTEMPATH\CodeIgniter.php(351): CodeIgniter\CodeIgniter->handleRequest(null, Object(Config\Cache), false)
10 FCPATH\index.php(68): CodeIgniter\CodeIgniter->run()
CRITICAL - 2022-12-02 10:13:33 --> Class 'App\Controllers\BACK_END\BaseController' not found
in APPPATH\Controllers\BACK_END\HomeAdmin.php on line 9.
 1 SYSTEMPATH\Autoloader\Autoloader.php(282): include_once()
 2 SYSTEMPATH\Autoloader\Autoloader.php(259): CodeIgniter\Autoloader\Autoloader->includeFile('APPPATH\\Controllers\\BACK_END\\HomeAdmin.php')
 3 SYSTEMPATH\Autoloader\Autoloader.php(237): CodeIgniter\Autoloader\Autoloader->loadInNamespace('App\\Controllers\\BACK_END\\HomeAdmin')
 4 [internal function]: CodeIgniter\Autoloader\Autoloader->loadClass('App\\Controllers\\BACK_END\\HomeAdmin')
 5 [internal function]: spl_autoload_call('App\\Controllers\\BACK_END\\HomeAdmin')
 6 SYSTEMPATH\CodeIgniter.php(877): class_exists('\\App\\Controllers\\BACK_END\\HomeAdmin', true)
 7 SYSTEMPATH\CodeIgniter.php(469): CodeIgniter\CodeIgniter->startController()
 8 SYSTEMPATH\CodeIgniter.php(351): CodeIgniter\CodeIgniter->handleRequest(null, Object(Config\Cache), false)
 9 FCPATH\index.php(68): CodeIgniter\CodeIgniter->run()
CRITICAL - 2022-12-02 10:24:44 --> Invalid file: BACK_EMD/layout_admin/base.php
in SYSTEMPATH\Exceptions\FrameworkException.php on line 33.
 1 SYSTEMPATH\View\View.php(201): CodeIgniter\Exceptions\FrameworkException::forInvalidFile('BACK_EMD/layout_admin/base.php')
 2 SYSTEMPATH\Common.php(1134): CodeIgniter\View\View->render('BACK_EMD/layout_admin/base', [], true)
 3 APPPATH\Controllers\BACK_END\HomeAdmin.php(15): view('BACK_EMD/layout_admin/base')
 4 SYSTEMPATH\CodeIgniter.php(927): App\Controllers\BACK_END\HomeAdmin->index()
 5 SYSTEMPATH\CodeIgniter.php(482): CodeIgniter\CodeIgniter->runController(Object(App\Controllers\BACK_END\HomeAdmin))
 6 SYSTEMPATH\CodeIgniter.php(351): CodeIgniter\CodeIgniter->handleRequest(null, Object(Config\Cache), false)
 7 FCPATH\index.php(68): CodeIgniter\CodeIgniter->run()
CRITICAL - 2022-12-02 10:24:55 --> Invalid file: BACK_END/layout_admin/base.php
in SYSTEMPATH\Exceptions\FrameworkException.php on line 33.
 1 SYSTEMPATH\View\View.php(201): CodeIgniter\Exceptions\FrameworkException::forInvalidFile('BACK_END/layout_admin/base.php')
 2 SYSTEMPATH\Common.php(1134): CodeIgniter\View\View->render('BACK_END/layout_admin/base', [], true)
 3 APPPATH\Controllers\BACK_END\HomeAdmin.php(15): view('BACK_END/layout_admin/base')
 4 SYSTEMPATH\CodeIgniter.php(927): App\Controllers\BACK_END\HomeAdmin->index()
 5 SYSTEMPATH\CodeIgniter.php(482): CodeIgniter\CodeIgniter->runController(Object(App\Controllers\BACK_END\HomeAdmin))
 6 SYSTEMPATH\CodeIgniter.php(351): CodeIgniter\CodeIgniter->handleRequest(null, Object(Config\Cache), false)
 7 FCPATH\index.php(68): CodeIgniter\CodeIgniter->run()
CRITICAL - 2022-12-02 11:01:11 --> Invalid file: layouts/menu_sidebar_admin.php
in SYSTEMPATH\Exceptions\FrameworkException.php on line 33.
 1 SYSTEMPATH\View\View.php(201): CodeIgniter\Exceptions\FrameworkException::forInvalidFile('layouts/menu_sidebar_admin.php')
 2 SYSTEMPATH\View\View.php(431): CodeIgniter\View\View->render('layouts/menu_sidebar_admin', null, true)
 3 APPPATH\Views\BACK_END\dashboard_view.php(17): CodeIgniter\View\View->include('layouts/menu_sidebar_admin')
 4 SYSTEMPATH\View\View.php(213): include('APPPATH\\Views\\BACK_END\\dashboard_view.php')
 5 SYSTEMPATH\View\View.php(216): CodeIgniter\View\View->CodeIgniter\View\{closure}()
 6 SYSTEMPATH\Common.php(1134): CodeIgniter\View\View->render('BACK_END/dashboard_view', [], true)
 7 APPPATH\Controllers\BACK_END\HomeAdmin.php(15): view('BACK_END/dashboard_view')
 8 SYSTEMPATH\CodeIgniter.php(927): App\Controllers\BACK_END\HomeAdmin->index()
 9 SYSTEMPATH\CodeIgniter.php(482): CodeIgniter\CodeIgniter->runController(Object(App\Controllers\BACK_END\HomeAdmin))
10 SYSTEMPATH\CodeIgniter.php(351): CodeIgniter\CodeIgniter->handleRequest(null, Object(Config\Cache), false)
11 FCPATH\index.php(68): CodeIgniter\CodeIgniter->run()
CRITICAL - 2022-12-02 11:02:58 --> Invalid file: dashboard_view.php
in SYSTEMPATH\Exceptions\FrameworkException.php on line 33.
 1 SYSTEMPATH\View\View.php(201): CodeIgniter\Exceptions\FrameworkException::forInvalidFile('dashboard_view.php')
 2 APPPATH\Controllers\BACK_END\HomeAdmin.php(19): CodeIgniter\View\View->render('dashboard_view')
 3 SYSTEMPATH\CodeIgniter.php(927): App\Controllers\BACK_END\HomeAdmin->index()
 4 SYSTEMPATH\CodeIgniter.php(482): CodeIgniter\CodeIgniter->runController(Object(App\Controllers\BACK_END\HomeAdmin))
 5 SYSTEMPATH\CodeIgniter.php(351): CodeIgniter\CodeIgniter->handleRequest(null, Object(Config\Cache), false)
 6 FCPATH\index.php(68): CodeIgniter\CodeIgniter->run()
CRITICAL - 2022-12-02 11:03:10 --> Invalid file: layouts/menu_sidebar_admin.php
in SYSTEMPATH\Exceptions\FrameworkException.php on line 33.
 1 SYSTEMPATH\View\View.php(201): CodeIgniter\Exceptions\FrameworkException::forInvalidFile('layouts/menu_sidebar_admin.php')
 2 SYSTEMPATH\View\View.php(431): CodeIgniter\View\View->render('layouts/menu_sidebar_admin', null, true)
 3 APPPATH\Views\BACK_END\dashboard_view.php(17): CodeIgniter\View\View->include('layouts/menu_sidebar_admin')
 4 SYSTEMPATH\View\View.php(213): include('APPPATH\\Views\\BACK_END\\dashboard_view.php')
 5 SYSTEMPATH\View\View.php(216): CodeIgniter\View\View->CodeIgniter\View\{closure}()
 6 APPPATH\Controllers\BACK_END\HomeAdmin.php(19): CodeIgniter\View\View->render('dashboard_view')
 7 SYSTEMPATH\CodeIgniter.php(927): App\Controllers\BACK_END\HomeAdmin->index()
 8 SYSTEMPATH\CodeIgniter.php(482): CodeIgniter\CodeIgniter->runController(Object(App\Controllers\BACK_END\HomeAdmin))
 9 SYSTEMPATH\CodeIgniter.php(351): CodeIgniter\CodeIgniter->handleRequest(null, Object(Config\Cache), false)
10 FCPATH\index.php(68): CodeIgniter\CodeIgniter->run()
CRITICAL - 2022-12-02 11:03:12 --> Invalid file: layouts/menu_sidebar_admin.php
in SYSTEMPATH\Exceptions\FrameworkException.php on line 33.
 1 SYSTEMPATH\View\View.php(201): CodeIgniter\Exceptions\FrameworkException::forInvalidFile('layouts/menu_sidebar_admin.php')
 2 SYSTEMPATH\View\View.php(431): CodeIgniter\View\View->render('layouts/menu_sidebar_admin', null, true)
 3 APPPATH\Views\BACK_END\dashboard_view.php(17): CodeIgniter\View\View->include('layouts/menu_sidebar_admin')
 4 SYSTEMPATH\View\View.php(213): include('APPPATH\\Views\\BACK_END\\dashboard_view.php')
 5 SYSTEMPATH\View\View.php(216): CodeIgniter\View\View->CodeIgniter\View\{closure}()
 6 APPPATH\Controllers\BACK_END\HomeAdmin.php(19): CodeIgniter\View\View->render('dashboard_view')
 7 SYSTEMPATH\CodeIgniter.php(927): App\Controllers\BACK_END\HomeAdmin->index()
 8 SYSTEMPATH\CodeIgniter.php(482): CodeIgniter\CodeIgniter->runController(Object(App\Controllers\BACK_END\HomeAdmin))
 9 SYSTEMPATH\CodeIgniter.php(351): CodeIgniter\CodeIgniter->handleRequest(null, Object(Config\Cache), false)
10 FCPATH\index.php(68): CodeIgniter\CodeIgniter->run()
CRITICAL - 2022-12-02 11:04:14 --> Invalid file: layouts/menu_sidebar_admin.php
in SYSTEMPATH\Exceptions\FrameworkException.php on line 33.
 1 SYSTEMPATH\View\View.php(201): CodeIgniter\Exceptions\FrameworkException::forInvalidFile('layouts/menu_sidebar_admin.php')
 2 SYSTEMPATH\View\View.php(431): CodeIgniter\View\View->render('layouts/menu_sidebar_admin', null, true)
 3 APPPATH\Views\BACK_END\dashboard_view.php(18): CodeIgniter\View\View->include('layouts/menu_sidebar_admin')
 4 SYSTEMPATH\View\View.php(213): include('APPPATH\\Views\\BACK_END\\dashboard_view.php')
 5 SYSTEMPATH\View\View.php(216): CodeIgniter\View\View->CodeIgniter\View\{closure}()
 6 APPPATH\Controllers\BACK_END\HomeAdmin.php(19): CodeIgniter\View\View->render('dashboard_view')
 7 SYSTEMPATH\CodeIgniter.php(927): App\Controllers\BACK_END\HomeAdmin->index()
 8 SYSTEMPATH\CodeIgniter.php(482): CodeIgniter\CodeIgniter->runController(Object(App\Controllers\BACK_END\HomeAdmin))
 9 SYSTEMPATH\CodeIgniter.php(351): CodeIgniter\CodeIgniter->handleRequest(null, Object(Config\Cache), false)
10 FCPATH\index.php(68): CodeIgniter\CodeIgniter->run()
CRITICAL - 2022-12-02 11:10:36 --> The namespace delimiter is a backslash (\), not a slash (/). Route handler: \App\Controllers\/admin/dashboard
in SYSTEMPATH\Router\Router.php on line 466.
 1 SYSTEMPATH\Router\Router.php(466): CodeIgniter\Router\Exceptions\RouterException::forInvalidControllerName('\\App\\Controllers\\/admin/dashboard')
 2 SYSTEMPATH\Router\Router.php(181): CodeIgniter\Router\Router->checkRoutes('admin')
 3 SYSTEMPATH\CodeIgniter.php(802): CodeIgniter\Router\Router->handle('/admin')
 4 SYSTEMPATH\CodeIgniter.php(430): CodeIgniter\CodeIgniter->tryToRouteIt(Object(CodeIgniter\Router\RouteCollection))
 5 SYSTEMPATH\CodeIgniter.php(351): CodeIgniter\CodeIgniter->handleRequest(null, Object(Config\Cache), false)
 6 FCPATH\index.php(68): CodeIgniter\CodeIgniter->run()
