CRITICAL - 2023-01-28 00:42:38 --> Undefined array key "about_intro"
in APPPATH\Views\FRONT_END\partials\about_section.php on line 20.
 1 APPPATH\Views\FRONT_END\partials\about_section.php(20): CodeIgniter\Debug\Exceptions->errorHandler(2, 'Undefined array key "about_intro"', 'APPPATH\\Views\\FRONT_END\\partials\\about_section.php', 20)
 2 SYSTEMPATH\View\View.php(213): include('APPPATH\\Views\\FRONT_END\\partials\\about_section.php')
 3 SYSTEMPATH\View\View.php(216): CodeIgniter\View\View->CodeIgniter\View\{closure}()
 4 SYSTEMPATH\View\View.php(431): CodeIgniter\View\View->render('partials/about_section', null, true)
 5 APPPATH\Views\FRONT_END\index_view.php(66): CodeIgniter\View\View->include('partials/about_section')
 6 SYSTEMPATH\View\View.php(213): include('APPPATH\\Views\\FRONT_END\\index_view.php')
 7 SYSTEMPATH\View\View.php(216): CodeIgniter\View\View->CodeIgniter\View\{closure}()
 8 APPPATH\Controllers\FRONT_END\Home.php(47): CodeIgniter\View\View->render('index_view')
 9 SYSTEMPATH\CodeIgniter.php(927): App\Controllers\FRONT_END\Home->index('vie')
10 SYSTEMPATH\CodeIgniter.php(482): CodeIgniter\CodeIgniter->runController(Object(App\Controllers\FRONT_END\Home))
11 SYSTEMPATH\CodeIgniter.php(351): CodeIgniter\CodeIgniter->handleRequest(null, Object(Config\Cache), false)
12 FCPATH\index.php(68): CodeIgniter\CodeIgniter->run()
CRITICAL - 2023-01-28 00:45:10 --> Undefined array key "about_intro"
in APPPATH\Views\FRONT_END\partials\about_section.php on line 20.
 1 APPPATH\Views\FRONT_END\partials\about_section.php(20): CodeIgniter\Debug\Exceptions->errorHandler(2, 'Undefined array key "about_intro"', 'APPPATH\\Views\\FRONT_END\\partials\\about_section.php', 20)
 2 SYSTEMPATH\View\View.php(213): include('APPPATH\\Views\\FRONT_END\\partials\\about_section.php')
 3 SYSTEMPATH\View\View.php(216): CodeIgniter\View\View->CodeIgniter\View\{closure}()
 4 SYSTEMPATH\View\View.php(431): CodeIgniter\View\View->render('partials/about_section', null, true)
 5 APPPATH\Views\FRONT_END\index_view.php(66): CodeIgniter\View\View->include('partials/about_section')
 6 SYSTEMPATH\View\View.php(213): include('APPPATH\\Views\\FRONT_END\\index_view.php')
 7 SYSTEMPATH\View\View.php(216): CodeIgniter\View\View->CodeIgniter\View\{closure}()
 8 APPPATH\Controllers\FRONT_END\Home.php(47): CodeIgniter\View\View->render('index_view')
 9 SYSTEMPATH\CodeIgniter.php(927): App\Controllers\FRONT_END\Home->index('vie')
10 SYSTEMPATH\CodeIgniter.php(482): CodeIgniter\CodeIgniter->runController(Object(App\Controllers\FRONT_END\Home))
11 SYSTEMPATH\CodeIgniter.php(351): CodeIgniter\CodeIgniter->handleRequest(null, Object(Config\Cache), false)
12 FCPATH\index.php(68): CodeIgniter\CodeIgniter->run()
CRITICAL - 2023-01-28 00:45:13 --> Undefined array key "about_intro"
in APPPATH\Views\FRONT_END\partials\about_section.php on line 20.
 1 APPPATH\Views\FRONT_END\partials\about_section.php(20): CodeIgniter\Debug\Exceptions->errorHandler(2, 'Undefined array key "about_intro"', 'APPPATH\\Views\\FRONT_END\\partials\\about_section.php', 20)
 2 SYSTEMPATH\View\View.php(213): include('APPPATH\\Views\\FRONT_END\\partials\\about_section.php')
 3 SYSTEMPATH\View\View.php(216): CodeIgniter\View\View->CodeIgniter\View\{closure}()
 4 SYSTEMPATH\View\View.php(431): CodeIgniter\View\View->render('partials/about_section', null, true)
 5 APPPATH\Views\FRONT_END\index_view.php(66): CodeIgniter\View\View->include('partials/about_section')
 6 SYSTEMPATH\View\View.php(213): include('APPPATH\\Views\\FRONT_END\\index_view.php')
 7 SYSTEMPATH\View\View.php(216): CodeIgniter\View\View->CodeIgniter\View\{closure}()
 8 APPPATH\Controllers\FRONT_END\Home.php(47): CodeIgniter\View\View->render('index_view')
 9 SYSTEMPATH\CodeIgniter.php(927): App\Controllers\FRONT_END\Home->index('vie')
10 SYSTEMPATH\CodeIgniter.php(482): CodeIgniter\CodeIgniter->runController(Object(App\Controllers\FRONT_END\Home))
11 SYSTEMPATH\CodeIgniter.php(351): CodeIgniter\CodeIgniter->handleRequest(null, Object(Config\Cache), false)
12 FCPATH\index.php(68): CodeIgniter\CodeIgniter->run()
CRITICAL - 2023-01-28 00:45:25 --> Undefined array key "about_intro"
in APPPATH\Views\FRONT_END\partials\about_section.php on line 20.
 1 APPPATH\Views\FRONT_END\partials\about_section.php(20): CodeIgniter\Debug\Exceptions->errorHandler(2, 'Undefined array key "about_intro"', 'APPPATH\\Views\\FRONT_END\\partials\\about_section.php', 20)
 2 SYSTEMPATH\View\View.php(213): include('APPPATH\\Views\\FRONT_END\\partials\\about_section.php')
 3 SYSTEMPATH\View\View.php(216): CodeIgniter\View\View->CodeIgniter\View\{closure}()
 4 SYSTEMPATH\View\View.php(431): CodeIgniter\View\View->render('partials/about_section', null, true)
 5 APPPATH\Views\FRONT_END\index_view.php(66): CodeIgniter\View\View->include('partials/about_section')
 6 SYSTEMPATH\View\View.php(213): include('APPPATH\\Views\\FRONT_END\\index_view.php')
 7 SYSTEMPATH\View\View.php(216): CodeIgniter\View\View->CodeIgniter\View\{closure}()
 8 APPPATH\Controllers\FRONT_END\Home.php(47): CodeIgniter\View\View->render('index_view')
 9 SYSTEMPATH\CodeIgniter.php(927): App\Controllers\FRONT_END\Home->index('vie')
10 SYSTEMPATH\CodeIgniter.php(482): CodeIgniter\CodeIgniter->runController(Object(App\Controllers\FRONT_END\Home))
11 SYSTEMPATH\CodeIgniter.php(351): CodeIgniter\CodeIgniter->handleRequest(null, Object(Config\Cache), false)
12 FCPATH\index.php(68): CodeIgniter\CodeIgniter->run()
CRITICAL - 2023-01-28 00:47:23 --> Undefined array key "about_intro"
in APPPATH\Views\FRONT_END\partials\about_section.php on line 20.
 1 APPPATH\Views\FRONT_END\partials\about_section.php(20): CodeIgniter\Debug\Exceptions->errorHandler(2, 'Undefined array key "about_intro"', 'APPPATH\\Views\\FRONT_END\\partials\\about_section.php', 20)
 2 SYSTEMPATH\View\View.php(213): include('APPPATH\\Views\\FRONT_END\\partials\\about_section.php')
 3 SYSTEMPATH\View\View.php(216): CodeIgniter\View\View->CodeIgniter\View\{closure}()
 4 SYSTEMPATH\View\View.php(431): CodeIgniter\View\View->render('partials/about_section', null, true)
 5 APPPATH\Views\FRONT_END\index_view.php(66): CodeIgniter\View\View->include('partials/about_section')
 6 SYSTEMPATH\View\View.php(213): include('APPPATH\\Views\\FRONT_END\\index_view.php')
 7 SYSTEMPATH\View\View.php(216): CodeIgniter\View\View->CodeIgniter\View\{closure}()
 8 APPPATH\Controllers\FRONT_END\Home.php(47): CodeIgniter\View\View->render('index_view')
 9 SYSTEMPATH\CodeIgniter.php(927): App\Controllers\FRONT_END\Home->index('vie')
10 SYSTEMPATH\CodeIgniter.php(482): CodeIgniter\CodeIgniter->runController(Object(App\Controllers\FRONT_END\Home))
11 SYSTEMPATH\CodeIgniter.php(351): CodeIgniter\CodeIgniter->handleRequest(null, Object(Config\Cache), false)
12 FCPATH\index.php(68): CodeIgniter\CodeIgniter->run()
CRITICAL - 2023-01-28 00:51:08 --> Undefined array key "about_intro"
in APPPATH\Views\FRONT_END\partials\about_section.php on line 20.
 1 APPPATH\Views\FRONT_END\partials\about_section.php(20): CodeIgniter\Debug\Exceptions->errorHandler(2, 'Undefined array key "about_intro"', 'APPPATH\\Views\\FRONT_END\\partials\\about_section.php', 20)
 2 SYSTEMPATH\View\View.php(213): include('APPPATH\\Views\\FRONT_END\\partials\\about_section.php')
 3 SYSTEMPATH\View\View.php(216): CodeIgniter\View\View->CodeIgniter\View\{closure}()
 4 SYSTEMPATH\View\View.php(431): CodeIgniter\View\View->render('partials/about_section', null, true)
 5 APPPATH\Views\FRONT_END\index_view.php(66): CodeIgniter\View\View->include('partials/about_section')
 6 SYSTEMPATH\View\View.php(213): include('APPPATH\\Views\\FRONT_END\\index_view.php')
 7 SYSTEMPATH\View\View.php(216): CodeIgniter\View\View->CodeIgniter\View\{closure}()
 8 APPPATH\Controllers\FRONT_END\Home.php(47): CodeIgniter\View\View->render('index_view')
 9 SYSTEMPATH\CodeIgniter.php(927): App\Controllers\FRONT_END\Home->index('vie')
10 SYSTEMPATH\CodeIgniter.php(482): CodeIgniter\CodeIgniter->runController(Object(App\Controllers\FRONT_END\Home))
11 SYSTEMPATH\CodeIgniter.php(351): CodeIgniter\CodeIgniter->handleRequest(null, Object(Config\Cache), false)
12 FCPATH\index.php(68): CodeIgniter\CodeIgniter->run()
CRITICAL - 2023-01-28 00:53:46 --> Undefined array key "about_intro"
in APPPATH\Views\FRONT_END\partials\about_section.php on line 20.
 1 APPPATH\Views\FRONT_END\partials\about_section.php(20): CodeIgniter\Debug\Exceptions->errorHandler(2, 'Undefined array key "about_intro"', 'APPPATH\\Views\\FRONT_END\\partials\\about_section.php', 20)
 2 SYSTEMPATH\View\View.php(213): include('APPPATH\\Views\\FRONT_END\\partials\\about_section.php')
 3 SYSTEMPATH\View\View.php(216): CodeIgniter\View\View->CodeIgniter\View\{closure}()
 4 SYSTEMPATH\View\View.php(431): CodeIgniter\View\View->render('partials/about_section', null, true)
 5 APPPATH\Views\FRONT_END\index_view.php(66): CodeIgniter\View\View->include('partials/about_section')
 6 SYSTEMPATH\View\View.php(213): include('APPPATH\\Views\\FRONT_END\\index_view.php')
 7 SYSTEMPATH\View\View.php(216): CodeIgniter\View\View->CodeIgniter\View\{closure}()
 8 APPPATH\Controllers\FRONT_END\Home.php(47): CodeIgniter\View\View->render('index_view')
 9 SYSTEMPATH\CodeIgniter.php(927): App\Controllers\FRONT_END\Home->index('vie')
10 SYSTEMPATH\CodeIgniter.php(482): CodeIgniter\CodeIgniter->runController(Object(App\Controllers\FRONT_END\Home))
11 SYSTEMPATH\CodeIgniter.php(351): CodeIgniter\CodeIgniter->handleRequest(null, Object(Config\Cache), false)
12 FCPATH\index.php(68): CodeIgniter\CodeIgniter->run()
CRITICAL - 2023-01-28 00:55:48 --> Undefined array key "about_intro"
in APPPATH\Views\FRONT_END\partials\about_section.php on line 20.
 1 APPPATH\Views\FRONT_END\partials\about_section.php(20): CodeIgniter\Debug\Exceptions->errorHandler(2, 'Undefined array key "about_intro"', 'APPPATH\\Views\\FRONT_END\\partials\\about_section.php', 20)
 2 SYSTEMPATH\View\View.php(213): include('APPPATH\\Views\\FRONT_END\\partials\\about_section.php')
 3 SYSTEMPATH\View\View.php(216): CodeIgniter\View\View->CodeIgniter\View\{closure}()
 4 SYSTEMPATH\View\View.php(431): CodeIgniter\View\View->render('partials/about_section', null, true)
 5 APPPATH\Views\FRONT_END\index_view.php(66): CodeIgniter\View\View->include('partials/about_section')
 6 SYSTEMPATH\View\View.php(213): include('APPPATH\\Views\\FRONT_END\\index_view.php')
 7 SYSTEMPATH\View\View.php(216): CodeIgniter\View\View->CodeIgniter\View\{closure}()
 8 APPPATH\Controllers\FRONT_END\Home.php(47): CodeIgniter\View\View->render('index_view')
 9 SYSTEMPATH\CodeIgniter.php(927): App\Controllers\FRONT_END\Home->index('vie')
10 SYSTEMPATH\CodeIgniter.php(482): CodeIgniter\CodeIgniter->runController(Object(App\Controllers\FRONT_END\Home))
11 SYSTEMPATH\CodeIgniter.php(351): CodeIgniter\CodeIgniter->handleRequest(null, Object(Config\Cache), false)
12 FCPATH\index.php(68): CodeIgniter\CodeIgniter->run()
CRITICAL - 2023-01-28 00:56:17 --> Undefined array key "about_intro"
in APPPATH\Views\FRONT_END\partials\about_section.php on line 20.
 1 APPPATH\Views\FRONT_END\partials\about_section.php(20): CodeIgniter\Debug\Exceptions->errorHandler(2, 'Undefined array key "about_intro"', 'APPPATH\\Views\\FRONT_END\\partials\\about_section.php', 20)
 2 SYSTEMPATH\View\View.php(213): include('APPPATH\\Views\\FRONT_END\\partials\\about_section.php')
 3 SYSTEMPATH\View\View.php(216): CodeIgniter\View\View->CodeIgniter\View\{closure}()
 4 SYSTEMPATH\View\View.php(431): CodeIgniter\View\View->render('partials/about_section', null, true)
 5 APPPATH\Views\FRONT_END\index_view.php(66): CodeIgniter\View\View->include('partials/about_section')
 6 SYSTEMPATH\View\View.php(213): include('APPPATH\\Views\\FRONT_END\\index_view.php')
 7 SYSTEMPATH\View\View.php(216): CodeIgniter\View\View->CodeIgniter\View\{closure}()
 8 APPPATH\Controllers\FRONT_END\Home.php(47): CodeIgniter\View\View->render('index_view')
 9 SYSTEMPATH\CodeIgniter.php(927): App\Controllers\FRONT_END\Home->index('vie')
10 SYSTEMPATH\CodeIgniter.php(482): CodeIgniter\CodeIgniter->runController(Object(App\Controllers\FRONT_END\Home))
11 SYSTEMPATH\CodeIgniter.php(351): CodeIgniter\CodeIgniter->handleRequest(null, Object(Config\Cache), false)
12 FCPATH\index.php(68): CodeIgniter\CodeIgniter->run()
CRITICAL - 2023-01-28 00:56:28 --> Undefined array key "about_intro"
in APPPATH\Views\FRONT_END\partials\about_section.php on line 20.
 1 APPPATH\Views\FRONT_END\partials\about_section.php(20): CodeIgniter\Debug\Exceptions->errorHandler(2, 'Undefined array key "about_intro"', 'APPPATH\\Views\\FRONT_END\\partials\\about_section.php', 20)
 2 SYSTEMPATH\View\View.php(213): include('APPPATH\\Views\\FRONT_END\\partials\\about_section.php')
 3 SYSTEMPATH\View\View.php(216): CodeIgniter\View\View->CodeIgniter\View\{closure}()
 4 SYSTEMPATH\View\View.php(431): CodeIgniter\View\View->render('partials/about_section', null, true)
 5 APPPATH\Views\FRONT_END\index_view.php(66): CodeIgniter\View\View->include('partials/about_section')
 6 SYSTEMPATH\View\View.php(213): include('APPPATH\\Views\\FRONT_END\\index_view.php')
 7 SYSTEMPATH\View\View.php(216): CodeIgniter\View\View->CodeIgniter\View\{closure}()
 8 APPPATH\Controllers\FRONT_END\Home.php(47): CodeIgniter\View\View->render('index_view')
 9 SYSTEMPATH\CodeIgniter.php(927): App\Controllers\FRONT_END\Home->index('vie')
10 SYSTEMPATH\CodeIgniter.php(482): CodeIgniter\CodeIgniter->runController(Object(App\Controllers\FRONT_END\Home))
11 SYSTEMPATH\CodeIgniter.php(351): CodeIgniter\CodeIgniter->handleRequest(null, Object(Config\Cache), false)
12 FCPATH\index.php(68): CodeIgniter\CodeIgniter->run()
CRITICAL - 2023-01-28 00:56:29 --> Undefined array key "about_intro"
in APPPATH\Views\FRONT_END\partials\about_section.php on line 20.
 1 APPPATH\Views\FRONT_END\partials\about_section.php(20): CodeIgniter\Debug\Exceptions->errorHandler(2, 'Undefined array key "about_intro"', 'APPPATH\\Views\\FRONT_END\\partials\\about_section.php', 20)
 2 SYSTEMPATH\View\View.php(213): include('APPPATH\\Views\\FRONT_END\\partials\\about_section.php')
 3 SYSTEMPATH\View\View.php(216): CodeIgniter\View\View->CodeIgniter\View\{closure}()
 4 SYSTEMPATH\View\View.php(431): CodeIgniter\View\View->render('partials/about_section', null, true)
 5 APPPATH\Views\FRONT_END\index_view.php(66): CodeIgniter\View\View->include('partials/about_section')
 6 SYSTEMPATH\View\View.php(213): include('APPPATH\\Views\\FRONT_END\\index_view.php')
 7 SYSTEMPATH\View\View.php(216): CodeIgniter\View\View->CodeIgniter\View\{closure}()
 8 APPPATH\Controllers\FRONT_END\Home.php(47): CodeIgniter\View\View->render('index_view')
 9 SYSTEMPATH\CodeIgniter.php(927): App\Controllers\FRONT_END\Home->index('vie')
10 SYSTEMPATH\CodeIgniter.php(482): CodeIgniter\CodeIgniter->runController(Object(App\Controllers\FRONT_END\Home))
11 SYSTEMPATH\CodeIgniter.php(351): CodeIgniter\CodeIgniter->handleRequest(null, Object(Config\Cache), false)
12 FCPATH\index.php(68): CodeIgniter\CodeIgniter->run()
CRITICAL - 2023-01-28 00:59:38 --> Undefined array key "about_intro"
in APPPATH\Views\FRONT_END\partials\about_section.php on line 20.
 1 APPPATH\Views\FRONT_END\partials\about_section.php(20): CodeIgniter\Debug\Exceptions->errorHandler(2, 'Undefined array key "about_intro"', 'APPPATH\\Views\\FRONT_END\\partials\\about_section.php', 20)
 2 SYSTEMPATH\View\View.php(213): include('APPPATH\\Views\\FRONT_END\\partials\\about_section.php')
 3 SYSTEMPATH\View\View.php(216): CodeIgniter\View\View->CodeIgniter\View\{closure}()
 4 SYSTEMPATH\View\View.php(431): CodeIgniter\View\View->render('partials/about_section', null, true)
 5 APPPATH\Views\FRONT_END\index_view.php(66): CodeIgniter\View\View->include('partials/about_section')
 6 SYSTEMPATH\View\View.php(213): include('APPPATH\\Views\\FRONT_END\\index_view.php')
 7 SYSTEMPATH\View\View.php(216): CodeIgniter\View\View->CodeIgniter\View\{closure}()
 8 APPPATH\Controllers\FRONT_END\Home.php(47): CodeIgniter\View\View->render('index_view')
 9 SYSTEMPATH\CodeIgniter.php(927): App\Controllers\FRONT_END\Home->index('vie')
10 SYSTEMPATH\CodeIgniter.php(482): CodeIgniter\CodeIgniter->runController(Object(App\Controllers\FRONT_END\Home))
11 SYSTEMPATH\CodeIgniter.php(351): CodeIgniter\CodeIgniter->handleRequest(null, Object(Config\Cache), false)
12 FCPATH\index.php(68): CodeIgniter\CodeIgniter->run()
CRITICAL - 2023-01-28 00:59:44 --> Undefined array key "about_intro"
in APPPATH\Views\FRONT_END\partials\about_section.php on line 20.
 1 APPPATH\Views\FRONT_END\partials\about_section.php(20): CodeIgniter\Debug\Exceptions->errorHandler(2, 'Undefined array key "about_intro"', 'APPPATH\\Views\\FRONT_END\\partials\\about_section.php', 20)
 2 SYSTEMPATH\View\View.php(213): include('APPPATH\\Views\\FRONT_END\\partials\\about_section.php')
 3 SYSTEMPATH\View\View.php(216): CodeIgniter\View\View->CodeIgniter\View\{closure}()
 4 SYSTEMPATH\View\View.php(431): CodeIgniter\View\View->render('partials/about_section', null, true)
 5 APPPATH\Views\FRONT_END\index_view.php(66): CodeIgniter\View\View->include('partials/about_section')
 6 SYSTEMPATH\View\View.php(213): include('APPPATH\\Views\\FRONT_END\\index_view.php')
 7 SYSTEMPATH\View\View.php(216): CodeIgniter\View\View->CodeIgniter\View\{closure}()
 8 APPPATH\Controllers\FRONT_END\Home.php(47): CodeIgniter\View\View->render('index_view')
 9 SYSTEMPATH\CodeIgniter.php(927): App\Controllers\FRONT_END\Home->index('vie')
10 SYSTEMPATH\CodeIgniter.php(482): CodeIgniter\CodeIgniter->runController(Object(App\Controllers\FRONT_END\Home))
11 SYSTEMPATH\CodeIgniter.php(351): CodeIgniter\CodeIgniter->handleRequest(null, Object(Config\Cache), false)
12 FCPATH\index.php(68): CodeIgniter\CodeIgniter->run()
CRITICAL - 2023-01-28 00:59:50 --> Undefined array key "about_intro"
in APPPATH\Views\FRONT_END\partials\about_section.php on line 20.
 1 APPPATH\Views\FRONT_END\partials\about_section.php(20): CodeIgniter\Debug\Exceptions->errorHandler(2, 'Undefined array key "about_intro"', 'APPPATH\\Views\\FRONT_END\\partials\\about_section.php', 20)
 2 SYSTEMPATH\View\View.php(213): include('APPPATH\\Views\\FRONT_END\\partials\\about_section.php')
 3 SYSTEMPATH\View\View.php(216): CodeIgniter\View\View->CodeIgniter\View\{closure}()
 4 SYSTEMPATH\View\View.php(431): CodeIgniter\View\View->render('partials/about_section', null, true)
 5 APPPATH\Views\FRONT_END\index_view.php(66): CodeIgniter\View\View->include('partials/about_section')
 6 SYSTEMPATH\View\View.php(213): include('APPPATH\\Views\\FRONT_END\\index_view.php')
 7 SYSTEMPATH\View\View.php(216): CodeIgniter\View\View->CodeIgniter\View\{closure}()
 8 APPPATH\Controllers\FRONT_END\Home.php(47): CodeIgniter\View\View->render('index_view')
 9 SYSTEMPATH\CodeIgniter.php(927): App\Controllers\FRONT_END\Home->index('vie')
10 SYSTEMPATH\CodeIgniter.php(482): CodeIgniter\CodeIgniter->runController(Object(App\Controllers\FRONT_END\Home))
11 SYSTEMPATH\CodeIgniter.php(351): CodeIgniter\CodeIgniter->handleRequest(null, Object(Config\Cache), false)
12 FCPATH\index.php(68): CodeIgniter\CodeIgniter->run()
CRITICAL - 2023-01-28 00:59:51 --> Undefined array key "about_intro"
in APPPATH\Views\FRONT_END\partials\about_section.php on line 20.
 1 APPPATH\Views\FRONT_END\partials\about_section.php(20): CodeIgniter\Debug\Exceptions->errorHandler(2, 'Undefined array key "about_intro"', 'APPPATH\\Views\\FRONT_END\\partials\\about_section.php', 20)
 2 SYSTEMPATH\View\View.php(213): include('APPPATH\\Views\\FRONT_END\\partials\\about_section.php')
 3 SYSTEMPATH\View\View.php(216): CodeIgniter\View\View->CodeIgniter\View\{closure}()
 4 SYSTEMPATH\View\View.php(431): CodeIgniter\View\View->render('partials/about_section', null, true)
 5 APPPATH\Views\FRONT_END\index_view.php(66): CodeIgniter\View\View->include('partials/about_section')
 6 SYSTEMPATH\View\View.php(213): include('APPPATH\\Views\\FRONT_END\\index_view.php')
 7 SYSTEMPATH\View\View.php(216): CodeIgniter\View\View->CodeIgniter\View\{closure}()
 8 APPPATH\Controllers\FRONT_END\Home.php(47): CodeIgniter\View\View->render('index_view')
 9 SYSTEMPATH\CodeIgniter.php(927): App\Controllers\FRONT_END\Home->index('vie')
10 SYSTEMPATH\CodeIgniter.php(482): CodeIgniter\CodeIgniter->runController(Object(App\Controllers\FRONT_END\Home))
11 SYSTEMPATH\CodeIgniter.php(351): CodeIgniter\CodeIgniter->handleRequest(null, Object(Config\Cache), false)
12 FCPATH\index.php(68): CodeIgniter\CodeIgniter->run()
CRITICAL - 2023-01-28 01:00:04 --> Undefined array key "about_intro"
in APPPATH\Views\FRONT_END\partials\about_section.php on line 20.
 1 APPPATH\Views\FRONT_END\partials\about_section.php(20): CodeIgniter\Debug\Exceptions->errorHandler(2, 'Undefined array key "about_intro"', 'APPPATH\\Views\\FRONT_END\\partials\\about_section.php', 20)
 2 SYSTEMPATH\View\View.php(213): include('APPPATH\\Views\\FRONT_END\\partials\\about_section.php')
 3 SYSTEMPATH\View\View.php(216): CodeIgniter\View\View->CodeIgniter\View\{closure}()
 4 SYSTEMPATH\View\View.php(431): CodeIgniter\View\View->render('partials/about_section', null, true)
 5 APPPATH\Views\FRONT_END\index_view.php(66): CodeIgniter\View\View->include('partials/about_section')
 6 SYSTEMPATH\View\View.php(213): include('APPPATH\\Views\\FRONT_END\\index_view.php')
 7 SYSTEMPATH\View\View.php(216): CodeIgniter\View\View->CodeIgniter\View\{closure}()
 8 APPPATH\Controllers\FRONT_END\Home.php(47): CodeIgniter\View\View->render('index_view')
 9 SYSTEMPATH\CodeIgniter.php(927): App\Controllers\FRONT_END\Home->index('vie')
10 SYSTEMPATH\CodeIgniter.php(482): CodeIgniter\CodeIgniter->runController(Object(App\Controllers\FRONT_END\Home))
11 SYSTEMPATH\CodeIgniter.php(351): CodeIgniter\CodeIgniter->handleRequest(null, Object(Config\Cache), false)
12 FCPATH\index.php(68): CodeIgniter\CodeIgniter->run()
CRITICAL - 2023-01-28 01:00:05 --> Undefined array key "about_intro"
in APPPATH\Views\FRONT_END\partials\about_section.php on line 20.
 1 APPPATH\Views\FRONT_END\partials\about_section.php(20): CodeIgniter\Debug\Exceptions->errorHandler(2, 'Undefined array key "about_intro"', 'APPPATH\\Views\\FRONT_END\\partials\\about_section.php', 20)
 2 SYSTEMPATH\View\View.php(213): include('APPPATH\\Views\\FRONT_END\\partials\\about_section.php')
 3 SYSTEMPATH\View\View.php(216): CodeIgniter\View\View->CodeIgniter\View\{closure}()
 4 SYSTEMPATH\View\View.php(431): CodeIgniter\View\View->render('partials/about_section', null, true)
 5 APPPATH\Views\FRONT_END\index_view.php(66): CodeIgniter\View\View->include('partials/about_section')
 6 SYSTEMPATH\View\View.php(213): include('APPPATH\\Views\\FRONT_END\\index_view.php')
 7 SYSTEMPATH\View\View.php(216): CodeIgniter\View\View->CodeIgniter\View\{closure}()
 8 APPPATH\Controllers\FRONT_END\Home.php(47): CodeIgniter\View\View->render('index_view')
 9 SYSTEMPATH\CodeIgniter.php(927): App\Controllers\FRONT_END\Home->index('vie')
10 SYSTEMPATH\CodeIgniter.php(482): CodeIgniter\CodeIgniter->runController(Object(App\Controllers\FRONT_END\Home))
11 SYSTEMPATH\CodeIgniter.php(351): CodeIgniter\CodeIgniter->handleRequest(null, Object(Config\Cache), false)
12 FCPATH\index.php(68): CodeIgniter\CodeIgniter->run()
CRITICAL - 2023-01-28 01:00:25 --> Undefined array key "about_intro"
in APPPATH\Views\FRONT_END\partials\about_section.php on line 20.
 1 APPPATH\Views\FRONT_END\partials\about_section.php(20): CodeIgniter\Debug\Exceptions->errorHandler(2, 'Undefined array key "about_intro"', 'APPPATH\\Views\\FRONT_END\\partials\\about_section.php', 20)
 2 SYSTEMPATH\View\View.php(213): include('APPPATH\\Views\\FRONT_END\\partials\\about_section.php')
 3 SYSTEMPATH\View\View.php(216): CodeIgniter\View\View->CodeIgniter\View\{closure}()
 4 SYSTEMPATH\View\View.php(431): CodeIgniter\View\View->render('partials/about_section', null, true)
 5 APPPATH\Views\FRONT_END\index_view.php(66): CodeIgniter\View\View->include('partials/about_section')
 6 SYSTEMPATH\View\View.php(213): include('APPPATH\\Views\\FRONT_END\\index_view.php')
 7 SYSTEMPATH\View\View.php(216): CodeIgniter\View\View->CodeIgniter\View\{closure}()
 8 APPPATH\Controllers\FRONT_END\Home.php(47): CodeIgniter\View\View->render('index_view')
 9 SYSTEMPATH\CodeIgniter.php(927): App\Controllers\FRONT_END\Home->index('vie')
10 SYSTEMPATH\CodeIgniter.php(482): CodeIgniter\CodeIgniter->runController(Object(App\Controllers\FRONT_END\Home))
11 SYSTEMPATH\CodeIgniter.php(351): CodeIgniter\CodeIgniter->handleRequest(null, Object(Config\Cache), false)
12 FCPATH\index.php(68): CodeIgniter\CodeIgniter->run()
CRITICAL - 2023-01-28 01:01:23 --> Undefined array key "about_intro"
in APPPATH\Views\FRONT_END\partials\about_section.php on line 20.
 1 APPPATH\Views\FRONT_END\partials\about_section.php(20): CodeIgniter\Debug\Exceptions->errorHandler(2, 'Undefined array key "about_intro"', 'APPPATH\\Views\\FRONT_END\\partials\\about_section.php', 20)
 2 SYSTEMPATH\View\View.php(213): include('APPPATH\\Views\\FRONT_END\\partials\\about_section.php')
 3 SYSTEMPATH\View\View.php(216): CodeIgniter\View\View->CodeIgniter\View\{closure}()
 4 SYSTEMPATH\View\View.php(431): CodeIgniter\View\View->render('partials/about_section', null, true)
 5 APPPATH\Views\FRONT_END\index_view.php(66): CodeIgniter\View\View->include('partials/about_section')
 6 SYSTEMPATH\View\View.php(213): include('APPPATH\\Views\\FRONT_END\\index_view.php')
 7 SYSTEMPATH\View\View.php(216): CodeIgniter\View\View->CodeIgniter\View\{closure}()
 8 APPPATH\Controllers\FRONT_END\Home.php(47): CodeIgniter\View\View->render('index_view')
 9 SYSTEMPATH\CodeIgniter.php(927): App\Controllers\FRONT_END\Home->index('vie')
10 SYSTEMPATH\CodeIgniter.php(482): CodeIgniter\CodeIgniter->runController(Object(App\Controllers\FRONT_END\Home))
11 SYSTEMPATH\CodeIgniter.php(351): CodeIgniter\CodeIgniter->handleRequest(null, Object(Config\Cache), false)
12 FCPATH\index.php(68): CodeIgniter\CodeIgniter->run()
CRITICAL - 2023-01-28 01:01:29 --> Undefined array key "about_intro"
in APPPATH\Views\FRONT_END\partials\about_section.php on line 20.
 1 APPPATH\Views\FRONT_END\partials\about_section.php(20): CodeIgniter\Debug\Exceptions->errorHandler(2, 'Undefined array key "about_intro"', 'APPPATH\\Views\\FRONT_END\\partials\\about_section.php', 20)
 2 SYSTEMPATH\View\View.php(213): include('APPPATH\\Views\\FRONT_END\\partials\\about_section.php')
 3 SYSTEMPATH\View\View.php(216): CodeIgniter\View\View->CodeIgniter\View\{closure}()
 4 SYSTEMPATH\View\View.php(431): CodeIgniter\View\View->render('partials/about_section', null, true)
 5 APPPATH\Views\FRONT_END\index_view.php(66): CodeIgniter\View\View->include('partials/about_section')
 6 SYSTEMPATH\View\View.php(213): include('APPPATH\\Views\\FRONT_END\\index_view.php')
 7 SYSTEMPATH\View\View.php(216): CodeIgniter\View\View->CodeIgniter\View\{closure}()
 8 APPPATH\Controllers\FRONT_END\Home.php(47): CodeIgniter\View\View->render('index_view')
 9 SYSTEMPATH\CodeIgniter.php(927): App\Controllers\FRONT_END\Home->index('vie')
10 SYSTEMPATH\CodeIgniter.php(482): CodeIgniter\CodeIgniter->runController(Object(App\Controllers\FRONT_END\Home))
11 SYSTEMPATH\CodeIgniter.php(351): CodeIgniter\CodeIgniter->handleRequest(null, Object(Config\Cache), false)
12 FCPATH\index.php(68): CodeIgniter\CodeIgniter->run()
