CRITICAL - 2022-12-04 07:05:28 --> Illegal string offset 'home_lang_section'
in APPPATH\Views\FRONT_END\partials\home_section.php on line 19.
 1 APPPATH\Views\FRONT_END\partials\home_section.php(19): CodeIgniter\Debug\Exceptions->errorHandler(2, 'Illegal string offset \'home_lang_section\'', 'APPPATH\\Views\\FRONT_END\\partials\\home_section.php', 19, [...])
 2 SYSTEMPATH\View\View.php(213): include('APPPATH\\Views\\FRONT_END\\partials\\home_section.php')
 3 SYSTEMPATH\View\View.php(216): CodeIgniter\View\View->CodeIgniter\View\{closure}()
 4 SYSTEMPATH\View\View.php(431): CodeIgniter\View\View->render('partials/home_section', null, true)
 5 APPPATH\Views\FRONT_END\index_view.php(34): CodeIgniter\View\View->include('partials/home_section')
 6 SYSTEMPATH\View\View.php(213): include('APPPATH\\Views\\FRONT_END\\index_view.php')
 7 SYSTEMPATH\View\View.php(216): CodeIgniter\View\View->CodeIgniter\View\{closure}()
 8 APPPATH\Controllers\FRONT_END\Home.php(24): CodeIgniter\View\View->render('index_view')
 9 SYSTEMPATH\CodeIgniter.php(927): App\Controllers\FRONT_END\Home->index()
10 SYSTEMPATH\CodeIgniter.php(482): CodeIgniter\CodeIgniter->runController(Object(App\Controllers\FRONT_END\Home))
11 SYSTEMPATH\CodeIgniter.php(351): CodeIgniter\CodeIgniter->handleRequest(null, Object(Config\Cache), false)
12 FCPATH\index.php(68): CodeIgniter\CodeIgniter->run()
CRITICAL - 2022-12-04 07:05:30 --> Illegal string offset 'home_lang_section'
in APPPATH\Views\FRONT_END\partials\home_section.php on line 19.
 1 APPPATH\Views\FRONT_END\partials\home_section.php(19): CodeIgniter\Debug\Exceptions->errorHandler(2, 'Illegal string offset \'home_lang_section\'', 'APPPATH\\Views\\FRONT_END\\partials\\home_section.php', 19, [...])
 2 SYSTEMPATH\View\View.php(213): include('APPPATH\\Views\\FRONT_END\\partials\\home_section.php')
 3 SYSTEMPATH\View\View.php(216): CodeIgniter\View\View->CodeIgniter\View\{closure}()
 4 SYSTEMPATH\View\View.php(431): CodeIgniter\View\View->render('partials/home_section', null, true)
 5 APPPATH\Views\FRONT_END\index_view.php(34): CodeIgniter\View\View->include('partials/home_section')
 6 SYSTEMPATH\View\View.php(213): include('APPPATH\\Views\\FRONT_END\\index_view.php')
 7 SYSTEMPATH\View\View.php(216): CodeIgniter\View\View->CodeIgniter\View\{closure}()
 8 APPPATH\Controllers\FRONT_END\Home.php(24): CodeIgniter\View\View->render('index_view')
 9 SYSTEMPATH\CodeIgniter.php(927): App\Controllers\FRONT_END\Home->index()
10 SYSTEMPATH\CodeIgniter.php(482): CodeIgniter\CodeIgniter->runController(Object(App\Controllers\FRONT_END\Home))
11 SYSTEMPATH\CodeIgniter.php(351): CodeIgniter\CodeIgniter->handleRequest(null, Object(Config\Cache), false)
12 FCPATH\index.php(68): CodeIgniter\CodeIgniter->run()
CRITICAL - 2022-12-04 07:06:01 --> Illegal string offset 'home_lang_section'
in APPPATH\Views\FRONT_END\partials\home_section.php on line 19.
 1 APPPATH\Views\FRONT_END\partials\home_section.php(19): CodeIgniter\Debug\Exceptions->errorHandler(2, 'Illegal string offset \'home_lang_section\'', 'APPPATH\\Views\\FRONT_END\\partials\\home_section.php', 19, [...])
 2 SYSTEMPATH\View\View.php(213): include('APPPATH\\Views\\FRONT_END\\partials\\home_section.php')
 3 SYSTEMPATH\View\View.php(216): CodeIgniter\View\View->CodeIgniter\View\{closure}()
 4 SYSTEMPATH\View\View.php(431): CodeIgniter\View\View->render('partials/home_section', null, true)
 5 APPPATH\Views\FRONT_END\index_view.php(34): CodeIgniter\View\View->include('partials/home_section')
 6 SYSTEMPATH\View\View.php(213): include('APPPATH\\Views\\FRONT_END\\index_view.php')
 7 SYSTEMPATH\View\View.php(216): CodeIgniter\View\View->CodeIgniter\View\{closure}()
 8 APPPATH\Controllers\FRONT_END\Home.php(24): CodeIgniter\View\View->render('index_view')
 9 SYSTEMPATH\CodeIgniter.php(927): App\Controllers\FRONT_END\Home->index()
10 SYSTEMPATH\CodeIgniter.php(482): CodeIgniter\CodeIgniter->runController(Object(App\Controllers\FRONT_END\Home))
11 SYSTEMPATH\CodeIgniter.php(351): CodeIgniter\CodeIgniter->handleRequest(null, Object(Config\Cache), false)
12 FCPATH\index.php(68): CodeIgniter\CodeIgniter->run()
CRITICAL - 2022-12-04 07:06:02 --> Illegal string offset 'home_lang_section'
in APPPATH\Views\FRONT_END\partials\home_section.php on line 19.
 1 APPPATH\Views\FRONT_END\partials\home_section.php(19): CodeIgniter\Debug\Exceptions->errorHandler(2, 'Illegal string offset \'home_lang_section\'', 'APPPATH\\Views\\FRONT_END\\partials\\home_section.php', 19, [...])
 2 SYSTEMPATH\View\View.php(213): include('APPPATH\\Views\\FRONT_END\\partials\\home_section.php')
 3 SYSTEMPATH\View\View.php(216): CodeIgniter\View\View->CodeIgniter\View\{closure}()
 4 SYSTEMPATH\View\View.php(431): CodeIgniter\View\View->render('partials/home_section', null, true)
 5 APPPATH\Views\FRONT_END\index_view.php(34): CodeIgniter\View\View->include('partials/home_section')
 6 SYSTEMPATH\View\View.php(213): include('APPPATH\\Views\\FRONT_END\\index_view.php')
 7 SYSTEMPATH\View\View.php(216): CodeIgniter\View\View->CodeIgniter\View\{closure}()
 8 APPPATH\Controllers\FRONT_END\Home.php(24): CodeIgniter\View\View->render('index_view')
 9 SYSTEMPATH\CodeIgniter.php(927): App\Controllers\FRONT_END\Home->index()
10 SYSTEMPATH\CodeIgniter.php(482): CodeIgniter\CodeIgniter->runController(Object(App\Controllers\FRONT_END\Home))
11 SYSTEMPATH\CodeIgniter.php(351): CodeIgniter\CodeIgniter->handleRequest(null, Object(Config\Cache), false)
12 FCPATH\index.php(68): CodeIgniter\CodeIgniter->run()
CRITICAL - 2022-12-04 07:06:09 --> Illegal string offset 'home_lang_section'
in APPPATH\Views\FRONT_END\partials\home_section.php on line 19.
 1 APPPATH\Views\FRONT_END\partials\home_section.php(19): CodeIgniter\Debug\Exceptions->errorHandler(2, 'Illegal string offset \'home_lang_section\'', 'APPPATH\\Views\\FRONT_END\\partials\\home_section.php', 19, [...])
 2 SYSTEMPATH\View\View.php(213): include('APPPATH\\Views\\FRONT_END\\partials\\home_section.php')
 3 SYSTEMPATH\View\View.php(216): CodeIgniter\View\View->CodeIgniter\View\{closure}()
 4 SYSTEMPATH\View\View.php(431): CodeIgniter\View\View->render('partials/home_section', null, true)
 5 APPPATH\Views\FRONT_END\index_view.php(34): CodeIgniter\View\View->include('partials/home_section')
 6 SYSTEMPATH\View\View.php(213): include('APPPATH\\Views\\FRONT_END\\index_view.php')
 7 SYSTEMPATH\View\View.php(216): CodeIgniter\View\View->CodeIgniter\View\{closure}()
 8 APPPATH\Controllers\FRONT_END\Home.php(24): CodeIgniter\View\View->render('index_view')
 9 SYSTEMPATH\CodeIgniter.php(927): App\Controllers\FRONT_END\Home->index()
10 SYSTEMPATH\CodeIgniter.php(482): CodeIgniter\CodeIgniter->runController(Object(App\Controllers\FRONT_END\Home))
11 SYSTEMPATH\CodeIgniter.php(351): CodeIgniter\CodeIgniter->handleRequest(null, Object(Config\Cache), false)
12 FCPATH\index.php(68): CodeIgniter\CodeIgniter->run()
CRITICAL - 2022-12-04 07:06:11 --> Illegal string offset 'home_lang_section'
in APPPATH\Views\FRONT_END\partials\home_section.php on line 19.
 1 APPPATH\Views\FRONT_END\partials\home_section.php(19): CodeIgniter\Debug\Exceptions->errorHandler(2, 'Illegal string offset \'home_lang_section\'', 'APPPATH\\Views\\FRONT_END\\partials\\home_section.php', 19, [...])
 2 SYSTEMPATH\View\View.php(213): include('APPPATH\\Views\\FRONT_END\\partials\\home_section.php')
 3 SYSTEMPATH\View\View.php(216): CodeIgniter\View\View->CodeIgniter\View\{closure}()
 4 SYSTEMPATH\View\View.php(431): CodeIgniter\View\View->render('partials/home_section', null, true)
 5 APPPATH\Views\FRONT_END\index_view.php(34): CodeIgniter\View\View->include('partials/home_section')
 6 SYSTEMPATH\View\View.php(213): include('APPPATH\\Views\\FRONT_END\\index_view.php')
 7 SYSTEMPATH\View\View.php(216): CodeIgniter\View\View->CodeIgniter\View\{closure}()
 8 APPPATH\Controllers\FRONT_END\Home.php(24): CodeIgniter\View\View->render('index_view')
 9 SYSTEMPATH\CodeIgniter.php(927): App\Controllers\FRONT_END\Home->index()
10 SYSTEMPATH\CodeIgniter.php(482): CodeIgniter\CodeIgniter->runController(Object(App\Controllers\FRONT_END\Home))
11 SYSTEMPATH\CodeIgniter.php(351): CodeIgniter\CodeIgniter->handleRequest(null, Object(Config\Cache), false)
12 FCPATH\index.php(68): CodeIgniter\CodeIgniter->run()
CRITICAL - 2022-12-04 07:06:36 --> Illegal string offset 'home_lang_section'
in APPPATH\Views\FRONT_END\partials\home_section.php on line 19.
 1 APPPATH\Views\FRONT_END\partials\home_section.php(19): CodeIgniter\Debug\Exceptions->errorHandler(2, 'Illegal string offset \'home_lang_section\'', 'APPPATH\\Views\\FRONT_END\\partials\\home_section.php', 19, [...])
 2 SYSTEMPATH\View\View.php(213): include('APPPATH\\Views\\FRONT_END\\partials\\home_section.php')
 3 SYSTEMPATH\View\View.php(216): CodeIgniter\View\View->CodeIgniter\View\{closure}()
 4 SYSTEMPATH\View\View.php(431): CodeIgniter\View\View->render('partials/home_section', null, true)
 5 APPPATH\Views\FRONT_END\index_view.php(34): CodeIgniter\View\View->include('partials/home_section')
 6 SYSTEMPATH\View\View.php(213): include('APPPATH\\Views\\FRONT_END\\index_view.php')
 7 SYSTEMPATH\View\View.php(216): CodeIgniter\View\View->CodeIgniter\View\{closure}()
 8 APPPATH\Controllers\FRONT_END\Home.php(24): CodeIgniter\View\View->render('index_view')
 9 SYSTEMPATH\CodeIgniter.php(927): App\Controllers\FRONT_END\Home->index()
10 SYSTEMPATH\CodeIgniter.php(482): CodeIgniter\CodeIgniter->runController(Object(App\Controllers\FRONT_END\Home))
11 SYSTEMPATH\CodeIgniter.php(351): CodeIgniter\CodeIgniter->handleRequest(null, Object(Config\Cache), false)
12 FCPATH\index.php(68): CodeIgniter\CodeIgniter->run()
CRITICAL - 2022-12-04 07:06:39 --> Illegal string offset 'home_lang_section'
in APPPATH\Views\FRONT_END\partials\home_section.php on line 19.
 1 APPPATH\Views\FRONT_END\partials\home_section.php(19): CodeIgniter\Debug\Exceptions->errorHandler(2, 'Illegal string offset \'home_lang_section\'', 'APPPATH\\Views\\FRONT_END\\partials\\home_section.php', 19, [...])
 2 SYSTEMPATH\View\View.php(213): include('APPPATH\\Views\\FRONT_END\\partials\\home_section.php')
 3 SYSTEMPATH\View\View.php(216): CodeIgniter\View\View->CodeIgniter\View\{closure}()
 4 SYSTEMPATH\View\View.php(431): CodeIgniter\View\View->render('partials/home_section', null, true)
 5 APPPATH\Views\FRONT_END\index_view.php(34): CodeIgniter\View\View->include('partials/home_section')
 6 SYSTEMPATH\View\View.php(213): include('APPPATH\\Views\\FRONT_END\\index_view.php')
 7 SYSTEMPATH\View\View.php(216): CodeIgniter\View\View->CodeIgniter\View\{closure}()
 8 APPPATH\Controllers\FRONT_END\Home.php(24): CodeIgniter\View\View->render('index_view')
 9 SYSTEMPATH\CodeIgniter.php(927): App\Controllers\FRONT_END\Home->index()
10 SYSTEMPATH\CodeIgniter.php(482): CodeIgniter\CodeIgniter->runController(Object(App\Controllers\FRONT_END\Home))
11 SYSTEMPATH\CodeIgniter.php(351): CodeIgniter\CodeIgniter->handleRequest(null, Object(Config\Cache), false)
12 FCPATH\index.php(68): CodeIgniter\CodeIgniter->run()
CRITICAL - 2022-12-04 07:08:34 --> Illegal string offset 'home_lang_section'
in APPPATH\Views\FRONT_END\partials\home_section.php on line 19.
 1 APPPATH\Views\FRONT_END\partials\home_section.php(19): CodeIgniter\Debug\Exceptions->errorHandler(2, 'Illegal string offset \'home_lang_section\'', 'APPPATH\\Views\\FRONT_END\\partials\\home_section.php', 19, [...])
 2 SYSTEMPATH\View\View.php(213): include('APPPATH\\Views\\FRONT_END\\partials\\home_section.php')
 3 SYSTEMPATH\View\View.php(216): CodeIgniter\View\View->CodeIgniter\View\{closure}()
 4 SYSTEMPATH\View\View.php(431): CodeIgniter\View\View->render('partials/home_section', null, true)
 5 APPPATH\Views\FRONT_END\index_view.php(34): CodeIgniter\View\View->include('partials/home_section')
 6 SYSTEMPATH\View\View.php(213): include('APPPATH\\Views\\FRONT_END\\index_view.php')
 7 SYSTEMPATH\View\View.php(216): CodeIgniter\View\View->CodeIgniter\View\{closure}()
 8 APPPATH\Controllers\FRONT_END\Home.php(24): CodeIgniter\View\View->render('index_view')
 9 SYSTEMPATH\CodeIgniter.php(927): App\Controllers\FRONT_END\Home->index()
10 SYSTEMPATH\CodeIgniter.php(482): CodeIgniter\CodeIgniter->runController(Object(App\Controllers\FRONT_END\Home))
11 SYSTEMPATH\CodeIgniter.php(351): CodeIgniter\CodeIgniter->handleRequest(null, Object(Config\Cache), false)
12 FCPATH\index.php(68): CodeIgniter\CodeIgniter->run()
CRITICAL - 2022-12-04 07:08:35 --> Illegal string offset 'home_lang_section'
in APPPATH\Views\FRONT_END\partials\home_section.php on line 19.
 1 APPPATH\Views\FRONT_END\partials\home_section.php(19): CodeIgniter\Debug\Exceptions->errorHandler(2, 'Illegal string offset \'home_lang_section\'', 'APPPATH\\Views\\FRONT_END\\partials\\home_section.php', 19, [...])
 2 SYSTEMPATH\View\View.php(213): include('APPPATH\\Views\\FRONT_END\\partials\\home_section.php')
 3 SYSTEMPATH\View\View.php(216): CodeIgniter\View\View->CodeIgniter\View\{closure}()
 4 SYSTEMPATH\View\View.php(431): CodeIgniter\View\View->render('partials/home_section', null, true)
 5 APPPATH\Views\FRONT_END\index_view.php(34): CodeIgniter\View\View->include('partials/home_section')
 6 SYSTEMPATH\View\View.php(213): include('APPPATH\\Views\\FRONT_END\\index_view.php')
 7 SYSTEMPATH\View\View.php(216): CodeIgniter\View\View->CodeIgniter\View\{closure}()
 8 APPPATH\Controllers\FRONT_END\Home.php(24): CodeIgniter\View\View->render('index_view')
 9 SYSTEMPATH\CodeIgniter.php(927): App\Controllers\FRONT_END\Home->index()
10 SYSTEMPATH\CodeIgniter.php(482): CodeIgniter\CodeIgniter->runController(Object(App\Controllers\FRONT_END\Home))
11 SYSTEMPATH\CodeIgniter.php(351): CodeIgniter\CodeIgniter->handleRequest(null, Object(Config\Cache), false)
12 FCPATH\index.php(68): CodeIgniter\CodeIgniter->run()
CRITICAL - 2022-12-04 07:08:36 --> Illegal string offset 'home_lang_section'
in APPPATH\Views\FRONT_END\partials\home_section.php on line 19.
 1 APPPATH\Views\FRONT_END\partials\home_section.php(19): CodeIgniter\Debug\Exceptions->errorHandler(2, 'Illegal string offset \'home_lang_section\'', 'APPPATH\\Views\\FRONT_END\\partials\\home_section.php', 19, [...])
 2 SYSTEMPATH\View\View.php(213): include('APPPATH\\Views\\FRONT_END\\partials\\home_section.php')
 3 SYSTEMPATH\View\View.php(216): CodeIgniter\View\View->CodeIgniter\View\{closure}()
 4 SYSTEMPATH\View\View.php(431): CodeIgniter\View\View->render('partials/home_section', null, true)
 5 APPPATH\Views\FRONT_END\index_view.php(34): CodeIgniter\View\View->include('partials/home_section')
 6 SYSTEMPATH\View\View.php(213): include('APPPATH\\Views\\FRONT_END\\index_view.php')
 7 SYSTEMPATH\View\View.php(216): CodeIgniter\View\View->CodeIgniter\View\{closure}()
 8 APPPATH\Controllers\FRONT_END\Home.php(24): CodeIgniter\View\View->render('index_view')
 9 SYSTEMPATH\CodeIgniter.php(927): App\Controllers\FRONT_END\Home->index()
10 SYSTEMPATH\CodeIgniter.php(482): CodeIgniter\CodeIgniter->runController(Object(App\Controllers\FRONT_END\Home))
11 SYSTEMPATH\CodeIgniter.php(351): CodeIgniter\CodeIgniter->handleRequest(null, Object(Config\Cache), false)
12 FCPATH\index.php(68): CodeIgniter\CodeIgniter->run()
CRITICAL - 2022-12-04 07:08:36 --> Illegal string offset 'home_lang_section'
in APPPATH\Views\FRONT_END\partials\home_section.php on line 19.
 1 APPPATH\Views\FRONT_END\partials\home_section.php(19): CodeIgniter\Debug\Exceptions->errorHandler(2, 'Illegal string offset \'home_lang_section\'', 'APPPATH\\Views\\FRONT_END\\partials\\home_section.php', 19, [...])
 2 SYSTEMPATH\View\View.php(213): include('APPPATH\\Views\\FRONT_END\\partials\\home_section.php')
 3 SYSTEMPATH\View\View.php(216): CodeIgniter\View\View->CodeIgniter\View\{closure}()
 4 SYSTEMPATH\View\View.php(431): CodeIgniter\View\View->render('partials/home_section', null, true)
 5 APPPATH\Views\FRONT_END\index_view.php(34): CodeIgniter\View\View->include('partials/home_section')
 6 SYSTEMPATH\View\View.php(213): include('APPPATH\\Views\\FRONT_END\\index_view.php')
 7 SYSTEMPATH\View\View.php(216): CodeIgniter\View\View->CodeIgniter\View\{closure}()
 8 APPPATH\Controllers\FRONT_END\Home.php(24): CodeIgniter\View\View->render('index_view')
 9 SYSTEMPATH\CodeIgniter.php(927): App\Controllers\FRONT_END\Home->index()
10 SYSTEMPATH\CodeIgniter.php(482): CodeIgniter\CodeIgniter->runController(Object(App\Controllers\FRONT_END\Home))
11 SYSTEMPATH\CodeIgniter.php(351): CodeIgniter\CodeIgniter->handleRequest(null, Object(Config\Cache), false)
12 FCPATH\index.php(68): CodeIgniter\CodeIgniter->run()
CRITICAL - 2022-12-04 07:08:36 --> Illegal string offset 'home_lang_section'
in APPPATH\Views\FRONT_END\partials\home_section.php on line 19.
 1 APPPATH\Views\FRONT_END\partials\home_section.php(19): CodeIgniter\Debug\Exceptions->errorHandler(2, 'Illegal string offset \'home_lang_section\'', 'APPPATH\\Views\\FRONT_END\\partials\\home_section.php', 19, [...])
 2 SYSTEMPATH\View\View.php(213): include('APPPATH\\Views\\FRONT_END\\partials\\home_section.php')
 3 SYSTEMPATH\View\View.php(216): CodeIgniter\View\View->CodeIgniter\View\{closure}()
 4 SYSTEMPATH\View\View.php(431): CodeIgniter\View\View->render('partials/home_section', null, true)
 5 APPPATH\Views\FRONT_END\index_view.php(34): CodeIgniter\View\View->include('partials/home_section')
 6 SYSTEMPATH\View\View.php(213): include('APPPATH\\Views\\FRONT_END\\index_view.php')
 7 SYSTEMPATH\View\View.php(216): CodeIgniter\View\View->CodeIgniter\View\{closure}()
 8 APPPATH\Controllers\FRONT_END\Home.php(24): CodeIgniter\View\View->render('index_view')
 9 SYSTEMPATH\CodeIgniter.php(927): App\Controllers\FRONT_END\Home->index()
10 SYSTEMPATH\CodeIgniter.php(482): CodeIgniter\CodeIgniter->runController(Object(App\Controllers\FRONT_END\Home))
11 SYSTEMPATH\CodeIgniter.php(351): CodeIgniter\CodeIgniter->handleRequest(null, Object(Config\Cache), false)
12 FCPATH\index.php(68): CodeIgniter\CodeIgniter->run()
CRITICAL - 2022-12-04 07:08:36 --> Illegal string offset 'home_lang_section'
in APPPATH\Views\FRONT_END\partials\home_section.php on line 19.
 1 APPPATH\Views\FRONT_END\partials\home_section.php(19): CodeIgniter\Debug\Exceptions->errorHandler(2, 'Illegal string offset \'home_lang_section\'', 'APPPATH\\Views\\FRONT_END\\partials\\home_section.php', 19, [...])
 2 SYSTEMPATH\View\View.php(213): include('APPPATH\\Views\\FRONT_END\\partials\\home_section.php')
 3 SYSTEMPATH\View\View.php(216): CodeIgniter\View\View->CodeIgniter\View\{closure}()
 4 SYSTEMPATH\View\View.php(431): CodeIgniter\View\View->render('partials/home_section', null, true)
 5 APPPATH\Views\FRONT_END\index_view.php(34): CodeIgniter\View\View->include('partials/home_section')
 6 SYSTEMPATH\View\View.php(213): include('APPPATH\\Views\\FRONT_END\\index_view.php')
 7 SYSTEMPATH\View\View.php(216): CodeIgniter\View\View->CodeIgniter\View\{closure}()
 8 APPPATH\Controllers\FRONT_END\Home.php(24): CodeIgniter\View\View->render('index_view')
 9 SYSTEMPATH\CodeIgniter.php(927): App\Controllers\FRONT_END\Home->index()
10 SYSTEMPATH\CodeIgniter.php(482): CodeIgniter\CodeIgniter->runController(Object(App\Controllers\FRONT_END\Home))
11 SYSTEMPATH\CodeIgniter.php(351): CodeIgniter\CodeIgniter->handleRequest(null, Object(Config\Cache), false)
12 FCPATH\index.php(68): CodeIgniter\CodeIgniter->run()
CRITICAL - 2022-12-04 07:23:30 --> Illegal string offset 'home_lang_section'
in APPPATH\Views\FRONT_END\partials\home_section.php on line 19.
 1 APPPATH\Views\FRONT_END\partials\home_section.php(19): CodeIgniter\Debug\Exceptions->errorHandler(2, 'Illegal string offset \'home_lang_section\'', 'APPPATH\\Views\\FRONT_END\\partials\\home_section.php', 19, [...])
 2 SYSTEMPATH\View\View.php(213): include('APPPATH\\Views\\FRONT_END\\partials\\home_section.php')
 3 SYSTEMPATH\View\View.php(216): CodeIgniter\View\View->CodeIgniter\View\{closure}()
 4 SYSTEMPATH\View\View.php(431): CodeIgniter\View\View->render('partials/home_section', null, true)
 5 APPPATH\Views\FRONT_END\index_view.php(34): CodeIgniter\View\View->include('partials/home_section')
 6 SYSTEMPATH\View\View.php(213): include('APPPATH\\Views\\FRONT_END\\index_view.php')
 7 SYSTEMPATH\View\View.php(216): CodeIgniter\View\View->CodeIgniter\View\{closure}()
 8 APPPATH\Controllers\FRONT_END\Home.php(23): CodeIgniter\View\View->render('index_view')
 9 SYSTEMPATH\CodeIgniter.php(927): App\Controllers\FRONT_END\Home->index('MyLangCustom.lang_vi')
10 SYSTEMPATH\CodeIgniter.php(482): CodeIgniter\CodeIgniter->runController(Object(App\Controllers\FRONT_END\Home))
11 SYSTEMPATH\CodeIgniter.php(351): CodeIgniter\CodeIgniter->handleRequest(null, Object(Config\Cache), false)
12 FCPATH\index.php(68): CodeIgniter\CodeIgniter->run()
CRITICAL - 2022-12-04 07:23:33 --> Illegal string offset 'home_lang_section'
in APPPATH\Views\FRONT_END\partials\home_section.php on line 19.
 1 APPPATH\Views\FRONT_END\partials\home_section.php(19): CodeIgniter\Debug\Exceptions->errorHandler(2, 'Illegal string offset \'home_lang_section\'', 'APPPATH\\Views\\FRONT_END\\partials\\home_section.php', 19, [...])
 2 SYSTEMPATH\View\View.php(213): include('APPPATH\\Views\\FRONT_END\\partials\\home_section.php')
 3 SYSTEMPATH\View\View.php(216): CodeIgniter\View\View->CodeIgniter\View\{closure}()
 4 SYSTEMPATH\View\View.php(431): CodeIgniter\View\View->render('partials/home_section', null, true)
 5 APPPATH\Views\FRONT_END\index_view.php(34): CodeIgniter\View\View->include('partials/home_section')
 6 SYSTEMPATH\View\View.php(213): include('APPPATH\\Views\\FRONT_END\\index_view.php')
 7 SYSTEMPATH\View\View.php(216): CodeIgniter\View\View->CodeIgniter\View\{closure}()
 8 APPPATH\Controllers\FRONT_END\Home.php(23): CodeIgniter\View\View->render('index_view')
 9 SYSTEMPATH\CodeIgniter.php(927): App\Controllers\FRONT_END\Home->index('MyLangCustom.lang_vi')
10 SYSTEMPATH\CodeIgniter.php(482): CodeIgniter\CodeIgniter->runController(Object(App\Controllers\FRONT_END\Home))
11 SYSTEMPATH\CodeIgniter.php(351): CodeIgniter\CodeIgniter->handleRequest(null, Object(Config\Cache), false)
12 FCPATH\index.php(68): CodeIgniter\CodeIgniter->run()
CRITICAL - 2022-12-04 07:23:44 --> Illegal string offset 'home_lang_section'
in APPPATH\Views\FRONT_END\partials\home_section.php on line 19.
 1 APPPATH\Views\FRONT_END\partials\home_section.php(19): CodeIgniter\Debug\Exceptions->errorHandler(2, 'Illegal string offset \'home_lang_section\'', 'APPPATH\\Views\\FRONT_END\\partials\\home_section.php', 19, [...])
 2 SYSTEMPATH\View\View.php(213): include('APPPATH\\Views\\FRONT_END\\partials\\home_section.php')
 3 SYSTEMPATH\View\View.php(216): CodeIgniter\View\View->CodeIgniter\View\{closure}()
 4 SYSTEMPATH\View\View.php(431): CodeIgniter\View\View->render('partials/home_section', null, true)
 5 APPPATH\Views\FRONT_END\index_view.php(34): CodeIgniter\View\View->include('partials/home_section')
 6 SYSTEMPATH\View\View.php(213): include('APPPATH\\Views\\FRONT_END\\index_view.php')
 7 SYSTEMPATH\View\View.php(216): CodeIgniter\View\View->CodeIgniter\View\{closure}()
 8 APPPATH\Controllers\FRONT_END\Home.php(24): CodeIgniter\View\View->render('index_view')
 9 SYSTEMPATH\CodeIgniter.php(927): App\Controllers\FRONT_END\Home->index('MyLangCustom.lang_vi')
10 SYSTEMPATH\CodeIgniter.php(482): CodeIgniter\CodeIgniter->runController(Object(App\Controllers\FRONT_END\Home))
11 SYSTEMPATH\CodeIgniter.php(351): CodeIgniter\CodeIgniter->handleRequest(null, Object(Config\Cache), false)
12 FCPATH\index.php(68): CodeIgniter\CodeIgniter->run()
CRITICAL - 2022-12-04 07:24:00 --> Illegal string offset 'home_lang_section'
in APPPATH\Views\FRONT_END\partials\home_section.php on line 19.
 1 APPPATH\Views\FRONT_END\partials\home_section.php(19): CodeIgniter\Debug\Exceptions->errorHandler(2, 'Illegal string offset \'home_lang_section\'', 'APPPATH\\Views\\FRONT_END\\partials\\home_section.php', 19, [...])
 2 SYSTEMPATH\View\View.php(213): include('APPPATH\\Views\\FRONT_END\\partials\\home_section.php')
 3 SYSTEMPATH\View\View.php(216): CodeIgniter\View\View->CodeIgniter\View\{closure}()
 4 SYSTEMPATH\View\View.php(431): CodeIgniter\View\View->render('partials/home_section', null, true)
 5 APPPATH\Views\FRONT_END\index_view.php(34): CodeIgniter\View\View->include('partials/home_section')
 6 SYSTEMPATH\View\View.php(213): include('APPPATH\\Views\\FRONT_END\\index_view.php')
 7 SYSTEMPATH\View\View.php(216): CodeIgniter\View\View->CodeIgniter\View\{closure}()
 8 APPPATH\Controllers\FRONT_END\Home.php(25): CodeIgniter\View\View->render('index_view')
 9 SYSTEMPATH\CodeIgniter.php(927): App\Controllers\FRONT_END\Home->index('MyLangCustom.lang_vi')
10 SYSTEMPATH\CodeIgniter.php(482): CodeIgniter\CodeIgniter->runController(Object(App\Controllers\FRONT_END\Home))
11 SYSTEMPATH\CodeIgniter.php(351): CodeIgniter\CodeIgniter->handleRequest(null, Object(Config\Cache), false)
12 FCPATH\index.php(68): CodeIgniter\CodeIgniter->run()
CRITICAL - 2022-12-04 07:33:24 --> Too few arguments to function App\Controllers\FRONT_END\Home::index(), 0 passed in D:\VSCODE-PROJECTS\www\Cryptical-coder-youtube-vietCV\system\CodeIgniter.php on line 927 and exactly 1 expected
in APPPATH\Controllers\FRONT_END\Home.php on line 13.
 1 SYSTEMPATH\CodeIgniter.php(927): App\Controllers\FRONT_END\Home->index()
 2 SYSTEMPATH\CodeIgniter.php(482): CodeIgniter\CodeIgniter->runController(Object(App\Controllers\FRONT_END\Home))
 3 SYSTEMPATH\CodeIgniter.php(351): CodeIgniter\CodeIgniter->handleRequest(null, Object(Config\Cache), false)
 4 FCPATH\index.php(68): CodeIgniter\CodeIgniter->run()
CRITICAL - 2022-12-04 07:33:27 --> Too few arguments to function App\Controllers\FRONT_END\Home::index(), 0 passed in D:\VSCODE-PROJECTS\www\Cryptical-coder-youtube-vietCV\system\CodeIgniter.php on line 927 and exactly 1 expected
in APPPATH\Controllers\FRONT_END\Home.php on line 13.
 1 SYSTEMPATH\CodeIgniter.php(927): App\Controllers\FRONT_END\Home->index()
 2 SYSTEMPATH\CodeIgniter.php(482): CodeIgniter\CodeIgniter->runController(Object(App\Controllers\FRONT_END\Home))
 3 SYSTEMPATH\CodeIgniter.php(351): CodeIgniter\CodeIgniter->handleRequest(null, Object(Config\Cache), false)
 4 FCPATH\index.php(68): CodeIgniter\CodeIgniter->run()
CRITICAL - 2022-12-04 07:34:13 --> Illegal string offset 'home_lang_section'
in APPPATH\Views\FRONT_END\partials\home_section.php on line 19.
 1 APPPATH\Views\FRONT_END\partials\home_section.php(19): CodeIgniter\Debug\Exceptions->errorHandler(2, 'Illegal string offset \'home_lang_section\'', 'APPPATH\\Views\\FRONT_END\\partials\\home_section.php', 19, [...])
 2 SYSTEMPATH\View\View.php(213): include('APPPATH\\Views\\FRONT_END\\partials\\home_section.php')
 3 SYSTEMPATH\View\View.php(216): CodeIgniter\View\View->CodeIgniter\View\{closure}()
 4 SYSTEMPATH\View\View.php(431): CodeIgniter\View\View->render('partials/home_section', null, true)
 5 APPPATH\Views\FRONT_END\index_view.php(34): CodeIgniter\View\View->include('partials/home_section')
 6 SYSTEMPATH\View\View.php(213): include('APPPATH\\Views\\FRONT_END\\index_view.php')
 7 SYSTEMPATH\View\View.php(216): CodeIgniter\View\View->CodeIgniter\View\{closure}()
 8 APPPATH\Controllers\FRONT_END\Home.php(24): CodeIgniter\View\View->render('index_view')
 9 SYSTEMPATH\CodeIgniter.php(927): App\Controllers\FRONT_END\Home->index()
10 SYSTEMPATH\CodeIgniter.php(482): CodeIgniter\CodeIgniter->runController(Object(App\Controllers\FRONT_END\Home))
11 SYSTEMPATH\CodeIgniter.php(351): CodeIgniter\CodeIgniter->handleRequest(null, Object(Config\Cache), false)
12 FCPATH\index.php(68): CodeIgniter\CodeIgniter->run()
CRITICAL - 2022-12-04 07:38:23 --> Illegal string offset 'home_lang_section'
in APPPATH\Views\FRONT_END\partials\home_section.php on line 19.
 1 APPPATH\Views\FRONT_END\partials\home_section.php(19): CodeIgniter\Debug\Exceptions->errorHandler(2, 'Illegal string offset \'home_lang_section\'', 'APPPATH\\Views\\FRONT_END\\partials\\home_section.php', 19, [...])
 2 SYSTEMPATH\View\View.php(213): include('APPPATH\\Views\\FRONT_END\\partials\\home_section.php')
 3 SYSTEMPATH\View\View.php(216): CodeIgniter\View\View->CodeIgniter\View\{closure}()
 4 SYSTEMPATH\View\View.php(431): CodeIgniter\View\View->render('partials/home_section', null, true)
 5 APPPATH\Views\FRONT_END\index_view.php(34): CodeIgniter\View\View->include('partials/home_section')
 6 SYSTEMPATH\View\View.php(213): include('APPPATH\\Views\\FRONT_END\\index_view.php')
 7 SYSTEMPATH\View\View.php(216): CodeIgniter\View\View->CodeIgniter\View\{closure}()
 8 APPPATH\Controllers\FRONT_END\Home.php(24): CodeIgniter\View\View->render('index_view')
 9 SYSTEMPATH\CodeIgniter.php(927): App\Controllers\FRONT_END\Home->index()
10 SYSTEMPATH\CodeIgniter.php(482): CodeIgniter\CodeIgniter->runController(Object(App\Controllers\FRONT_END\Home))
11 SYSTEMPATH\CodeIgniter.php(351): CodeIgniter\CodeIgniter->handleRequest(null, Object(Config\Cache), false)
12 FCPATH\index.php(68): CodeIgniter\CodeIgniter->run()
CRITICAL - 2022-12-04 07:38:26 --> Illegal string offset 'home_lang_section'
in APPPATH\Views\FRONT_END\partials\home_section.php on line 19.
 1 APPPATH\Views\FRONT_END\partials\home_section.php(19): CodeIgniter\Debug\Exceptions->errorHandler(2, 'Illegal string offset \'home_lang_section\'', 'APPPATH\\Views\\FRONT_END\\partials\\home_section.php', 19, [...])
 2 SYSTEMPATH\View\View.php(213): include('APPPATH\\Views\\FRONT_END\\partials\\home_section.php')
 3 SYSTEMPATH\View\View.php(216): CodeIgniter\View\View->CodeIgniter\View\{closure}()
 4 SYSTEMPATH\View\View.php(431): CodeIgniter\View\View->render('partials/home_section', null, true)
 5 APPPATH\Views\FRONT_END\index_view.php(34): CodeIgniter\View\View->include('partials/home_section')
 6 SYSTEMPATH\View\View.php(213): include('APPPATH\\Views\\FRONT_END\\index_view.php')
 7 SYSTEMPATH\View\View.php(216): CodeIgniter\View\View->CodeIgniter\View\{closure}()
 8 APPPATH\Controllers\FRONT_END\Home.php(24): CodeIgniter\View\View->render('index_view')
 9 SYSTEMPATH\CodeIgniter.php(927): App\Controllers\FRONT_END\Home->index()
10 SYSTEMPATH\CodeIgniter.php(482): CodeIgniter\CodeIgniter->runController(Object(App\Controllers\FRONT_END\Home))
11 SYSTEMPATH\CodeIgniter.php(351): CodeIgniter\CodeIgniter->handleRequest(null, Object(Config\Cache), false)
12 FCPATH\index.php(68): CodeIgniter\CodeIgniter->run()
CRITICAL - 2022-12-04 07:38:33 --> Illegal string offset 'home_lang_section'
in APPPATH\Views\FRONT_END\partials\home_section.php on line 19.
 1 APPPATH\Views\FRONT_END\partials\home_section.php(19): CodeIgniter\Debug\Exceptions->errorHandler(2, 'Illegal string offset \'home_lang_section\'', 'APPPATH\\Views\\FRONT_END\\partials\\home_section.php', 19, [...])
 2 SYSTEMPATH\View\View.php(213): include('APPPATH\\Views\\FRONT_END\\partials\\home_section.php')
 3 SYSTEMPATH\View\View.php(216): CodeIgniter\View\View->CodeIgniter\View\{closure}()
 4 SYSTEMPATH\View\View.php(431): CodeIgniter\View\View->render('partials/home_section', null, true)
 5 APPPATH\Views\FRONT_END\index_view.php(34): CodeIgniter\View\View->include('partials/home_section')
 6 SYSTEMPATH\View\View.php(213): include('APPPATH\\Views\\FRONT_END\\index_view.php')
 7 SYSTEMPATH\View\View.php(216): CodeIgniter\View\View->CodeIgniter\View\{closure}()
 8 APPPATH\Controllers\FRONT_END\Home.php(24): CodeIgniter\View\View->render('index_view')
 9 SYSTEMPATH\CodeIgniter.php(927): App\Controllers\FRONT_END\Home->index()
10 SYSTEMPATH\CodeIgniter.php(482): CodeIgniter\CodeIgniter->runController(Object(App\Controllers\FRONT_END\Home))
11 SYSTEMPATH\CodeIgniter.php(351): CodeIgniter\CodeIgniter->handleRequest(null, Object(Config\Cache), false)
12 FCPATH\index.php(68): CodeIgniter\CodeIgniter->run()
CRITICAL - 2022-12-04 07:39:12 --> Illegal string offset 'home_lang_section'
in APPPATH\Views\FRONT_END\partials\home_section.php on line 19.
 1 APPPATH\Views\FRONT_END\partials\home_section.php(19): CodeIgniter\Debug\Exceptions->errorHandler(2, 'Illegal string offset \'home_lang_section\'', 'APPPATH\\Views\\FRONT_END\\partials\\home_section.php', 19, [...])
 2 SYSTEMPATH\View\View.php(213): include('APPPATH\\Views\\FRONT_END\\partials\\home_section.php')
 3 SYSTEMPATH\View\View.php(216): CodeIgniter\View\View->CodeIgniter\View\{closure}()
 4 SYSTEMPATH\View\View.php(431): CodeIgniter\View\View->render('partials/home_section', null, true)
 5 APPPATH\Views\FRONT_END\index_view.php(34): CodeIgniter\View\View->include('partials/home_section')
 6 SYSTEMPATH\View\View.php(213): include('APPPATH\\Views\\FRONT_END\\index_view.php')
 7 SYSTEMPATH\View\View.php(216): CodeIgniter\View\View->CodeIgniter\View\{closure}()
 8 APPPATH\Controllers\FRONT_END\Home.php(25): CodeIgniter\View\View->render('index_view')
 9 SYSTEMPATH\CodeIgniter.php(927): App\Controllers\FRONT_END\Home->index()
10 SYSTEMPATH\CodeIgniter.php(482): CodeIgniter\CodeIgniter->runController(Object(App\Controllers\FRONT_END\Home))
11 SYSTEMPATH\CodeIgniter.php(351): CodeIgniter\CodeIgniter->handleRequest(null, Object(Config\Cache), false)
12 FCPATH\index.php(68): CodeIgniter\CodeIgniter->run()
CRITICAL - 2022-12-04 07:39:16 --> Illegal string offset 'home_lang_section'
in APPPATH\Views\FRONT_END\partials\home_section.php on line 19.
 1 APPPATH\Views\FRONT_END\partials\home_section.php(19): CodeIgniter\Debug\Exceptions->errorHandler(2, 'Illegal string offset \'home_lang_section\'', 'APPPATH\\Views\\FRONT_END\\partials\\home_section.php', 19, [...])
 2 SYSTEMPATH\View\View.php(213): include('APPPATH\\Views\\FRONT_END\\partials\\home_section.php')
 3 SYSTEMPATH\View\View.php(216): CodeIgniter\View\View->CodeIgniter\View\{closure}()
 4 SYSTEMPATH\View\View.php(431): CodeIgniter\View\View->render('partials/home_section', null, true)
 5 APPPATH\Views\FRONT_END\index_view.php(34): CodeIgniter\View\View->include('partials/home_section')
 6 SYSTEMPATH\View\View.php(213): include('APPPATH\\Views\\FRONT_END\\index_view.php')
 7 SYSTEMPATH\View\View.php(216): CodeIgniter\View\View->CodeIgniter\View\{closure}()
 8 APPPATH\Controllers\FRONT_END\Home.php(25): CodeIgniter\View\View->render('index_view')
 9 SYSTEMPATH\CodeIgniter.php(927): App\Controllers\FRONT_END\Home->index()
10 SYSTEMPATH\CodeIgniter.php(482): CodeIgniter\CodeIgniter->runController(Object(App\Controllers\FRONT_END\Home))
11 SYSTEMPATH\CodeIgniter.php(351): CodeIgniter\CodeIgniter->handleRequest(null, Object(Config\Cache), false)
12 FCPATH\index.php(68): CodeIgniter\CodeIgniter->run()
CRITICAL - 2022-12-04 07:39:57 --> Too few arguments to function App\Controllers\FRONT_END\Home::index(), 0 passed in D:\VSCODE-PROJECTS\www\Cryptical-coder-youtube-vietCV\system\CodeIgniter.php on line 927 and exactly 1 expected
in APPPATH\Controllers\FRONT_END\Home.php on line 13.
 1 SYSTEMPATH\CodeIgniter.php(927): App\Controllers\FRONT_END\Home->index()
 2 SYSTEMPATH\CodeIgniter.php(482): CodeIgniter\CodeIgniter->runController(Object(App\Controllers\FRONT_END\Home))
 3 SYSTEMPATH\CodeIgniter.php(351): CodeIgniter\CodeIgniter->handleRequest(null, Object(Config\Cache), false)
 4 FCPATH\index.php(68): CodeIgniter\CodeIgniter->run()
CRITICAL - 2022-12-04 07:39:59 --> Too few arguments to function App\Controllers\FRONT_END\Home::index(), 0 passed in D:\VSCODE-PROJECTS\www\Cryptical-coder-youtube-vietCV\system\CodeIgniter.php on line 927 and exactly 1 expected
in APPPATH\Controllers\FRONT_END\Home.php on line 13.
 1 SYSTEMPATH\CodeIgniter.php(927): App\Controllers\FRONT_END\Home->index()
 2 SYSTEMPATH\CodeIgniter.php(482): CodeIgniter\CodeIgniter->runController(Object(App\Controllers\FRONT_END\Home))
 3 SYSTEMPATH\CodeIgniter.php(351): CodeIgniter\CodeIgniter->handleRequest(null, Object(Config\Cache), false)
 4 FCPATH\index.php(68): CodeIgniter\CodeIgniter->run()
CRITICAL - 2022-12-04 07:40:04 --> Too few arguments to function App\Controllers\FRONT_END\Home::index(), 0 passed in D:\VSCODE-PROJECTS\www\Cryptical-coder-youtube-vietCV\system\CodeIgniter.php on line 927 and exactly 1 expected
in APPPATH\Controllers\FRONT_END\Home.php on line 13.
 1 SYSTEMPATH\CodeIgniter.php(927): App\Controllers\FRONT_END\Home->index()
 2 SYSTEMPATH\CodeIgniter.php(482): CodeIgniter\CodeIgniter->runController(Object(App\Controllers\FRONT_END\Home))
 3 SYSTEMPATH\CodeIgniter.php(351): CodeIgniter\CodeIgniter->handleRequest(null, Object(Config\Cache), false)
 4 FCPATH\index.php(68): CodeIgniter\CodeIgniter->run()
